#
# A fatal error has been detected by the Java Runtime Environment:
#
#  EXCEPTION_ACCESS_VIOLATION (0xc0000005) at pc=0x00007ffbc3f9cdf0, pid=15988, tid=232
#
# JRE version: Java(TM) SE Runtime Environment (15.0.1+9) (build 15.0.1+9-18)
# Java VM: Java HotSpot(TM) 64-Bit Server VM (15.0.1+9-18, mixed mode, sharing, tiered, compressed oops, g1 gc, windows-amd64)
# Problematic frame:
# V  [jvm.dll+0xcdf0]
#
# No core dump will be written. Minidumps are not enabled by default on client versions of Windows
#
# If you would like to submit a bug report, please visit:
#   https://bugreport.java.com/bugreport/crash.jsp
#

---------------  S U M M A R Y ------------

Command Line: Startup

Host: Intel(R) Core(TM) i5-9600K CPU @ 3.70GHz, 6 cores, 15G,  Windows 10 , 64 bit Build 19041 (10.0.19041.928)
Time: Wed May 12 14:57:04 2021 W. Europe Daylight Time elapsed time: 2.400269 seconds (0d 0h 0m 2s)

---------------  T H R E A D  ---------------

Current thread (0x0000025df1d15870):  JavaThread "Thread-2" [_thread_in_vm, id=232, stack(0x000000f181b00000,0x000000f181c00000)]

Stack: [0x000000f181b00000,0x000000f181c00000],  sp=0x000000f181bfec08,  free space=1019k
Native frames: (J=compiled Java code, j=interpreted, Vv=VM code, C=native code)
V  [jvm.dll+0xcdf0]

Java frames: (J=compiled Java code, j=interpreted, Vv=VM code)
j  com.fazecast.jSerialComm.SerialPort.readBytes(J[BJ)I+0
j  com.fazecast.jSerialComm.SerialPort.readBytes([BJ)I+7
j  Seriale$1.serialEvent(Lcom/fazecast/jSerialComm/SerialPortEvent;)V+24
j  com.fazecast.jSerialComm.SerialPort$SerialPortEventListener.waitForSerialEvent()V+273
j  com.fazecast.jSerialComm.SerialPort$SerialPortEventListener$1.run()V+27
j  java.lang.Thread.run()V+11 java.base@15.0.1
v  ~StubRoutines::call_stub

siginfo: EXCEPTION_ACCESS_VIOLATION (0xc0000005), reading address 0x0000000000000000


Register to memory mapping:

RIP=0x00007ffbc3f9cdf0 jvm.dll
RAX=0x0 is NULL
RBX=0x0000025df1d15870 is a thread
RCX=0x0 is NULL
RDX=0x0 is NULL
RSP=0x000000f181bfec08 is pointing into the stack for thread: 0x0000025df1d15870
RBP=0x0 is NULL
RSI=0x00000000000000fa is an unknown value
RDI=0x0 is NULL
R8 =0x0 is NULL
R9 =0x00000000000000fa is an unknown value
R10=0x0 is NULL
R11=0x0000000000000246 is an unknown value
R12=0x0 is NULL
R13={method} {0x0000025de9462b50} 'readBytes' '(J[BJ)I' in 'com/fazecast/jSerialComm/SerialPort'
R14=0x0 is NULL
R15=0x0 is NULL


Registers:
RAX=0x0000000000000000, RBX=0x0000025df1d15870, RCX=0x0000000000000000, RDX=0x0000000000000000
RSP=0x000000f181bfec08, RBP=0x0000000000000000, RSI=0x00000000000000fa, RDI=0x0000000000000000
R8 =0x0000000000000000, R9 =0x00000000000000fa, R10=0x0000000000000000, R11=0x0000000000000246
R12=0x0000000000000000, R13=0x0000025de9462b48, R14=0x0000000000000000, R15=0x0000000000000000
RIP=0x00007ffbc3f9cdf0, EFLAGS=0x0000000000010246

Top of Stack: (sp=0x000000f181bfec08)
0x000000f181bfec08:   00007ffbc43444d3 0000025df1ed40b0
0x000000f181bfec18:   0000000000000948 0000025df1d15b98
0x000000f181bfec28:   00000000000005bc 0000025df1d15870
0x000000f181bfec38:   0000000000000000 0000000000000000
0x000000f181bfec48:   0000000000000000 0000000000000000
0x000000f181bfec58:   0000025df1ed40b0 0000000000000948
0x000000f181bfec68:   00007ffc273525ba 0000000000000001
0x000000f181bfec78:   000000f181bfedc8 0000025df1d15b98
0x000000f181bfec88:   000000f181bfecf0 0000025df1ed40b0
0x000000f181bfec98:   0000025df1d15870 0000000000000000
0x000000f181bfeca8:   00000000000000fa 0000000000000000
0x000000f181bfecb8:   00000000000005bc 0000025df1d15870
0x000000f181bfecc8:   0000025dcd729bc0 0000000000000074
0x000000f181bfecd8:   0000025dcd72f177 0000025de9462b48
0x000000f181bfece8:   000000f181bfedc8 0000025d000000fa
0x000000f181bfecf8:   000000f181bfed80 00000000000000fa 

Instructions: (pc=0x00007ffbc3f9cdf0)
0x00007ffbc3f9ccf0:   14 73 9e 00 48 83 c4 20 5b 48 ff e0 48 8d 05 ed
0x00007ffbc3f9cd00:   00 00 00 48 8b cb 48 89 05 fb 72 9e 00 48 83 c4
0x00007ffbc3f9cd10:   20 5b 48 ff e0 48 8d 05 d4 00 00 00 48 8b cb 48
0x00007ffbc3f9cd20:   89 05 e2 72 9e 00 48 83 c4 20 5b 48 ff e0 48 8b
0x00007ffbc3f9cd30:   0d 2b 6d a4 00 8b 51 10 83 ea 01 0f 84 8b 00 00
0x00007ffbc3f9cd40:   00 83 ea 01 74 6d 83 ea 01 74 4f 83 fa 01 74 31
0x00007ffbc3f9cd50:   4c 8d 05 b9 fe 7c 00 ba e8 00 00 00 48 8d 0d e5
0x00007ffbc3f9cd60:   fe 7c 00 e8 d8 91 20 00 e8 d3 db 61 00 33 c0 48
0x00007ffbc3f9cd70:   8b cb 48 89 05 8f 72 9e 00 48 83 c4 20 5b 48 ff
0x00007ffbc3f9cd80:   e0 48 8d 05 78 00 00 00 48 8b cb 48 89 05 76 72
0x00007ffbc3f9cd90:   9e 00 48 83 c4 20 5b 48 ff e0 48 8d 05 4f 00 00
0x00007ffbc3f9cda0:   00 48 8b cb 48 89 05 5d 72 9e 00 48 83 c4 20 5b
0x00007ffbc3f9cdb0:   48 ff e0 48 8d 05 36 00 00 00 48 8b cb 48 89 05
0x00007ffbc3f9cdc0:   44 72 9e 00 48 83 c4 20 5b 48 ff e0 48 8d 05 1d
0x00007ffbc3f9cdd0:   00 00 00 48 8b cb 48 89 05 2b 72 9e 00 48 83 c4
0x00007ffbc3f9cde0:   20 5b 48 ff e0 cc cc cc cc cc cc cc cc cc cc cc
0x00007ffbc3f9cdf0:   48 8b 01 c3 cc cc cc cc cc cc cc cc cc cc cc cc
0x00007ffbc3f9ce00:   48 8b 11 e9 e8 fd ff ff cc cc cc cc cc cc cc cc
0x00007ffbc3f9ce10:   8b 44 24 30 45 03 c9 44 2b 4c 24 28 83 c0 0b 44
0x00007ffbc3f9ce20:   03 ca 45 03 c8 41 03 c1 c3 cc cc cc cc cc cc cc
0x00007ffbc3f9ce30:   48 8b 41 08 0f b7 48 32 0f b7 40 30 83 c0 48 03
0x00007ffbc3f9ce40:   c1 c3 cc cc cc cc cc cc cc cc cc cc cc cc cc cc
0x00007ffbc3f9ce50:   48 89 5c 24 18 56 48 83 ec 20 48 85 15 67 10 ac
0x00007ffbc3f9ce60:   00 48 8b da 48 8b f1 75 2e 48 85 d2 75 0d 33 c0
0x00007ffbc3f9ce70:   48 8b 5c 24 40 48 83 c4 20 5e c3 48 8b 05 56 10
0x00007ffbc3f9ce80:   ac 00 48 23 c3 48 0b 05 2c 10 ac 00 48 8b 5c 24
0x00007ffbc3f9ce90:   40 48 83 c4 20 5e c3 48 8b cb 48 89 6c 24 30 e8
0x00007ffbc3f9cea0:   0c 47 7a 00 48 8b e8 48 85 f6 74 5d 48 85 c0 74
0x00007ffbc3f9ceb0:   58 48 89 7c 24 38 48 8b 3d 1b 10 ac 00 48 23 f8
0x00007ffbc3f9cec0:   48 0b 3d 49 10 ac 00 74 3b 48 8b 05 c8 84 a0 00
0x00007ffbc3f9ced0:   4c 8b c3 48 8b d6 48 8b cf ff d0 48 3b c3 74 24
0x00007ffbc3f9cee0:   48 85 05 e1 0f ac 00 74 1b 4c 8b 0d a8 84 a0 00 


Stack slot to memory mapping:
stack at sp + 0 slots: 0x00007ffbc43444d3 jvm.dll
stack at sp + 1 slots: 0x0000025df1ed40b0 points into unknown readable memory: 0x4f4f4f4f534f4f4f | 4f 4f 4f 53 4f 4f 4f 4f
stack at sp + 2 slots: 0x0000000000000948 is an unknown value
stack at sp + 3 slots: 0x0000025df1d15b98 points into unknown readable memory: 0x00007ffbc498de40 | 40 de 98 c4 fb 7f 00 00
stack at sp + 4 slots: 0x00000000000005bc is an unknown value
stack at sp + 5 slots: 0x0000025df1d15870 is a thread
stack at sp + 6 slots: 0x0 is NULL
stack at sp + 7 slots: 0x0 is NULL


---------------  P R O C E S S  ---------------

Threads class SMR info:
_java_thread_list=0x0000025df1d36860, length=19, elements={
0x0000025de8f2abe0, 0x0000025de8f2b6c0, 0x0000025de9856c50, 0x0000025de9859520,
0x0000025de9859de0, 0x0000025de985cde0, 0x0000025de9868ca0, 0x0000025de986b5b0,
0x0000025de99929e0, 0x0000025de999a390, 0x0000025de9de1370, 0x0000025de9e04f20,
0x0000025de9e07620, 0x0000025de9ed5420, 0x0000025dc3d15d90, 0x0000025df1d14a00,
0x0000025df1d16210, 0x0000025df1d14ed0, 0x0000025df1d15870
}

Java Threads: ( => current thread )
  0x0000025de8f2abe0 JavaThread "Reference Handler" daemon [_thread_blocked, id=18552, stack(0x000000f181000000,0x000000f181100000)]
  0x0000025de8f2b6c0 JavaThread "Finalizer" daemon [_thread_blocked, id=16920, stack(0x000000f181100000,0x000000f181200000)]
  0x0000025de9856c50 JavaThread "Signal Dispatcher" daemon [_thread_blocked, id=15196, stack(0x000000f181200000,0x000000f181300000)]
  0x0000025de9859520 JavaThread "Attach Listener" daemon [_thread_blocked, id=1640, stack(0x000000f181300000,0x000000f181400000)]
  0x0000025de9859de0 JavaThread "Service Thread" daemon [_thread_blocked, id=15076, stack(0x000000f181400000,0x000000f181500000)]
  0x0000025de985cde0 JavaThread "C2 CompilerThread0" daemon [_thread_blocked, id=11236, stack(0x000000f181500000,0x000000f181600000)]
  0x0000025de9868ca0 JavaThread "C1 CompilerThread0" daemon [_thread_blocked, id=18912, stack(0x000000f181600000,0x000000f181700000)]
  0x0000025de986b5b0 JavaThread "Sweeper thread" daemon [_thread_blocked, id=16924, stack(0x000000f181700000,0x000000f181800000)]
  0x0000025de99929e0 JavaThread "Notification Thread" daemon [_thread_blocked, id=2760, stack(0x000000f181800000,0x000000f181900000)]
  0x0000025de999a390 JavaThread "Common-Cleaner" daemon [_thread_blocked, id=6488, stack(0x000000f181a00000,0x000000f181b00000)]
  0x0000025de9de1370 JavaThread "Java2D Disposer" daemon [_thread_blocked, id=6644, stack(0x000000f181c00000,0x000000f181d00000)]
  0x0000025de9e04f20 JavaThread "AWT-Shutdown" [_thread_blocked, id=19040, stack(0x000000f181d00000,0x000000f181e00000)]
  0x0000025de9e07620 JavaThread "AWT-Windows" daemon [_thread_in_native, id=6040, stack(0x000000f181e00000,0x000000f181f00000)]
  0x0000025de9ed5420 JavaThread "AWT-EventQueue-0" [_thread_blocked, id=12080, stack(0x000000f182000000,0x000000f182100000)]
  0x0000025dc3d15d90 JavaThread "DestroyJavaVM" [_thread_blocked, id=4372, stack(0x000000f180900000,0x000000f180a00000)]
  0x0000025df1d14a00 JavaThread "Thread-1" [_thread_blocked, id=18452, stack(0x000000f182320000,0x000000f182420000)]
  0x0000025df1d16210 JavaThread "D3D Screen Updater" daemon [_thread_blocked, id=13276, stack(0x000000f182420000,0x000000f182520000)]
  0x0000025df1d14ed0 JavaThread "Image Fetcher 0" daemon [_thread_blocked, id=17368, stack(0x000000f182520000,0x000000f182620000)]
=>0x0000025df1d15870 JavaThread "Thread-2" [_thread_in_vm, id=232, stack(0x000000f181b00000,0x000000f181c00000)]

Other Threads:
  0x0000025de8f26430 VMThread "VM Thread" [stack: 0x000000f180f00000,0x000000f181000000] [id=15280]
  0x0000025de9999ee0 WatcherThread [stack: 0x000000f181900000,0x000000f181a00000] [id=7284]
  0x0000025dc3d64be0 GCTaskThread "GC Thread#0" [stack: 0x000000f180a00000,0x000000f180b00000] [id=18940]
  0x0000025de9de27b0 GCTaskThread "GC Thread#1" [stack: 0x000000f182620000,0x000000f182720000] [id=4028]
  0x0000025de9de4ac0 GCTaskThread "GC Thread#2" [stack: 0x000000f182720000,0x000000f182820000] [id=13716]
  0x0000025de9de5450 GCTaskThread "GC Thread#3" [stack: 0x000000f182820000,0x000000f182920000] [id=1760]
  0x0000025de9de3470 GCTaskThread "GC Thread#4" [stack: 0x000000f182920000,0x000000f182a20000] [id=8656]
  0x0000025de9de1e20 GCTaskThread "GC Thread#5" [stack: 0x000000f182a20000,0x000000f182b20000] [id=13892]
  0x0000025dc3d75a10 ConcurrentGCThread "G1 Main Marker" [stack: 0x000000f180b00000,0x000000f180c00000] [id=3992]
  0x0000025dc3d77520 ConcurrentGCThread "G1 Conc#0" [stack: 0x000000f180c00000,0x000000f180d00000] [id=18572]
  0x0000025de9de2150 ConcurrentGCThread "G1 Conc#1" [stack: 0x000000f182b30000,0x000000f182c30000] [id=15608]
  0x0000025de8da20c0 ConcurrentGCThread "G1 Refine#0" [stack: 0x000000f180d00000,0x000000f180e00000] [id=5192]
  0x0000025de8da2bd0 ConcurrentGCThread "G1 Young RemSet Sampling" [stack: 0x000000f180e00000,0x000000f180f00000] [id=11288]

Threads with active compile tasks:

VM state: not at safepoint (normal execution)

VM Mutex/Monitor currently owned by a thread: None

Heap address: 0x0000000702200000, size: 4062 MB, Compressed Oops mode: Zero based, Oop shift amount: 3
CDS archive(s) mapped at: [0x0000000800000000-0x0000000800b50000-0x0000000800b50000), size 11862016, SharedBaseAddress: 0x0000000800000000, ArchiveRelocationMode: 0.
Compressed class space mapped at: 0x0000000800b50000-0x0000000840b50000, size: 1073741824
Narrow klass base: 0x0000000800000000, Narrow klass shift: 3, Narrow klass range: 0x100000000

GC Precious Log:
 CPUs: 6 total, 6 available
 Memory: 16246M
 Large Page Support: Disabled
 NUMA Support: Disabled
 Compressed Oops: Enabled (Zero based)
 Heap Region Size: 2M
 Heap Min Capacity: 8M
 Heap Initial Capacity: 254M
 Heap Max Capacity: 4062M
 Pre-touch: Disabled
 Parallel Workers: 6
 Concurrent Workers: 2
 Concurrent Refinement Workers: 6
 Periodic GC: Disabled

Heap:
 garbage-first heap   total 567296K, used 539917K [0x0000000702200000, 0x0000000800000000)
  region size 2048K, 4 young (8192K), 1 survivors (2048K)
 Metaspace       used 9028K, capacity 9181K, committed 9344K, reserved 1056768K
  class space    used 1025K, capacity 1089K, committed 1152K, reserved 1048576K

Heap Regions: E=young(eden), S=young(survivor), O=old, HS=humongous(starts), HC=humongous(continues), CS=collection set, F=free, OA=open archive, CA=closed archive, TAMS=top-at-mark-start (previous, next)
|   0|0x0000000702200000, 0x0000000702400000, 0x0000000702400000|100%|HS|  |TAMS 0x0000000702400000, 0x0000000702200000| Complete 
|   1|0x0000000702400000, 0x0000000702600000, 0x0000000702600000|100%|HC|  |TAMS 0x0000000702600000, 0x0000000702400000| Complete 
|   2|0x0000000702600000, 0x0000000702800000, 0x0000000702800000|100%|HC|  |TAMS 0x0000000702800000, 0x0000000702600000| Complete 
|   3|0x0000000702800000, 0x0000000702a00000, 0x0000000702a00000|100%|HC|  |TAMS 0x0000000702a00000, 0x0000000702800000| Complete 
|   4|0x0000000702a00000, 0x0000000702c00000, 0x0000000702c00000|100%|HC|  |TAMS 0x0000000702c00000, 0x0000000702a00000| Complete 
|   5|0x0000000702c00000, 0x0000000702e00000, 0x0000000702e00000|100%|HS|  |TAMS 0x0000000702e00000, 0x0000000702c00000| Complete 
|   6|0x0000000702e00000, 0x0000000703000000, 0x0000000703000000|100%|HC|  |TAMS 0x0000000703000000, 0x0000000702e00000| Complete 
|   7|0x0000000703000000, 0x0000000703200000, 0x0000000703200000|100%|HC|  |TAMS 0x0000000703200000, 0x0000000703000000| Complete 
|   8|0x0000000703200000, 0x0000000703400000, 0x0000000703400000|100%|HC|  |TAMS 0x0000000703400000, 0x0000000703200000| Complete 
|   9|0x0000000703400000, 0x0000000703600000, 0x0000000703600000|100%| O|  |TAMS 0x0000000703600000, 0x0000000703400000| Untracked 
|  10|0x0000000703600000, 0x0000000703800000, 0x0000000703800000|100%|HS|  |TAMS 0x0000000703800000, 0x0000000703600000| Complete 
|  11|0x0000000703800000, 0x0000000703a00000, 0x0000000703a00000|100%|HC|  |TAMS 0x0000000703a00000, 0x0000000703800000| Complete 
|  12|0x0000000703a00000, 0x0000000703c00000, 0x0000000703c00000|100%|HC|  |TAMS 0x0000000703c00000, 0x0000000703a00000| Complete 
|  13|0x0000000703c00000, 0x0000000703e00000, 0x0000000703e00000|100%|HC|  |TAMS 0x0000000703e00000, 0x0000000703c00000| Complete 
|  14|0x0000000703e00000, 0x0000000704000000, 0x0000000704000000|100%|HC|  |TAMS 0x0000000704000000, 0x0000000703e00000| Complete 
|  15|0x0000000704000000, 0x0000000704200000, 0x0000000704200000|100%|HS|  |TAMS 0x0000000704000000, 0x0000000704000000| Complete 
|  16|0x0000000704200000, 0x0000000704400000, 0x0000000704400000|100%|HC|  |TAMS 0x0000000704200000, 0x0000000704200000| Complete 
|  17|0x0000000704400000, 0x0000000704600000, 0x0000000704600000|100%|HC|  |TAMS 0x0000000704400000, 0x0000000704400000| Complete 
|  18|0x0000000704600000, 0x0000000704800000, 0x0000000704800000|100%|HC|  |TAMS 0x0000000704600000, 0x0000000704600000| Complete 
|  19|0x0000000704800000, 0x0000000704a00000, 0x0000000704a00000|100%|HC|  |TAMS 0x0000000704800000, 0x0000000704800000| Complete 
|  20|0x0000000704a00000, 0x0000000704c00000, 0x0000000704c00000|100%|HS|  |TAMS 0x0000000704a00000, 0x0000000704a00000| Complete 
|  21|0x0000000704c00000, 0x0000000704e00000, 0x0000000704e00000|100%|HC|  |TAMS 0x0000000704c00000, 0x0000000704c00000| Complete 
|  22|0x0000000704e00000, 0x0000000705000000, 0x0000000705000000|100%|HC|  |TAMS 0x0000000704e00000, 0x0000000704e00000| Complete 
|  23|0x0000000705000000, 0x0000000705200000, 0x0000000705200000|100%|HC|  |TAMS 0x0000000705000000, 0x0000000705000000| Complete 
|  24|0x0000000705200000, 0x0000000705400000, 0x0000000705400000|100%|HC|  |TAMS 0x0000000705200000, 0x0000000705200000| Complete 
|  25|0x0000000705400000, 0x0000000705600000, 0x0000000705600000|100%|HS|  |TAMS 0x0000000705400000, 0x0000000705400000| Complete 
|  26|0x0000000705600000, 0x0000000705800000, 0x0000000705800000|100%|HC|  |TAMS 0x0000000705600000, 0x0000000705600000| Complete 
|  27|0x0000000705800000, 0x0000000705a00000, 0x0000000705a00000|100%|HC|  |TAMS 0x0000000705800000, 0x0000000705800000| Complete 
|  28|0x0000000705a00000, 0x0000000705c00000, 0x0000000705c00000|100%|HC|  |TAMS 0x0000000705a00000, 0x0000000705a00000| Complete 
|  29|0x0000000705c00000, 0x0000000705e00000, 0x0000000705e00000|100%|HC|  |TAMS 0x0000000705c00000, 0x0000000705c00000| Complete 
|  30|0x0000000705e00000, 0x0000000706000000, 0x0000000706000000|100%|HS|  |TAMS 0x0000000705e00000, 0x0000000705e00000| Complete 
|  31|0x0000000706000000, 0x0000000706200000, 0x0000000706200000|100%|HC|  |TAMS 0x0000000706000000, 0x0000000706000000| Complete 
|  32|0x0000000706200000, 0x0000000706400000, 0x0000000706400000|100%|HC|  |TAMS 0x0000000706200000, 0x0000000706200000| Complete 
|  33|0x0000000706400000, 0x0000000706600000, 0x0000000706600000|100%|HC|  |TAMS 0x0000000706400000, 0x0000000706400000| Complete 
|  34|0x0000000706600000, 0x0000000706800000, 0x0000000706800000|100%|HC|  |TAMS 0x0000000706600000, 0x0000000706600000| Complete 
|  35|0x0000000706800000, 0x0000000706802200, 0x0000000706a00000|  0%| O|  |TAMS 0x0000000706802200, 0x0000000706800000| Complete 
|  36|0x0000000706a00000, 0x0000000706a03400, 0x0000000706c00000|  0%| O|  |TAMS 0x0000000706a00a00, 0x0000000706a00000| Complete 
|  37|0x0000000706c00000, 0x0000000706c00000, 0x0000000706e00000|  0%| F|  |TAMS 0x0000000706c00000, 0x0000000706c00000| Untracked 
|  38|0x0000000706e00000, 0x0000000706e00000, 0x0000000707000000|  0%| F|  |TAMS 0x0000000706e00000, 0x0000000706e00000| Untracked 
|  39|0x0000000707000000, 0x0000000707000000, 0x0000000707200000|  0%| F|  |TAMS 0x0000000707000000, 0x0000000707000000| Untracked 
|  40|0x0000000707200000, 0x0000000707209a00, 0x0000000707400000|  1%| O|  |TAMS 0x0000000707209a00, 0x0000000707200000| Complete 
|  41|0x0000000707400000, 0x0000000707407a00, 0x0000000707600000|  1%| O|  |TAMS 0x0000000707407a00, 0x0000000707400000| Complete 
|  42|0x0000000707600000, 0x0000000707800000, 0x0000000707800000|100%|HS|  |TAMS 0x0000000707600000, 0x0000000707600000| Complete 
|  43|0x0000000707800000, 0x0000000707a00000, 0x0000000707a00000|100%|HC|  |TAMS 0x0000000707800000, 0x0000000707800000| Complete 
|  44|0x0000000707a00000, 0x0000000707c00000, 0x0000000707c00000|100%|HC|  |TAMS 0x0000000707a00000, 0x0000000707a00000| Complete 
|  45|0x0000000707c00000, 0x0000000707e00000, 0x0000000707e00000|100%|HC|  |TAMS 0x0000000707c00000, 0x0000000707c00000| Complete 
|  46|0x0000000707e00000, 0x0000000708000000, 0x0000000708000000|100%|HC|  |TAMS 0x0000000707e00000, 0x0000000707e00000| Complete 
|  47|0x0000000708000000, 0x0000000708001a00, 0x0000000708200000|  0%| O|  |TAMS 0x0000000708001a00, 0x0000000708000000| Complete 
|  48|0x0000000708200000, 0x0000000708400000, 0x0000000708400000|100%|HS|  |TAMS 0x0000000708200000, 0x0000000708200000| Complete 
|  49|0x0000000708400000, 0x0000000708600000, 0x0000000708600000|100%|HC|  |TAMS 0x0000000708400000, 0x0000000708400000| Complete 
|  50|0x0000000708600000, 0x0000000708800000, 0x0000000708800000|100%|HC|  |TAMS 0x0000000708600000, 0x0000000708600000| Complete 
|  51|0x0000000708800000, 0x0000000708a00000, 0x0000000708a00000|100%|HC|  |TAMS 0x0000000708800000, 0x0000000708800000| Complete 
|  52|0x0000000708a00000, 0x0000000708c00000, 0x0000000708c00000|100%|HC|  |TAMS 0x0000000708a00000, 0x0000000708a00000| Complete 
|  53|0x0000000708c00000, 0x0000000708c00000, 0x0000000708e00000|  0%| F|  |TAMS 0x0000000708c00000, 0x0000000708c00000| Untracked 
|  54|0x0000000708e00000, 0x0000000708e00000, 0x0000000709000000|  0%| F|  |TAMS 0x0000000708e00000, 0x0000000708e00000| Untracked 
|  55|0x0000000709000000, 0x0000000709200000, 0x0000000709200000|100%| O|  |TAMS 0x0000000709200000, 0x0000000709000000| Complete 
|  56|0x0000000709200000, 0x0000000709329200, 0x0000000709400000| 58%| O|  |TAMS 0x0000000709329200, 0x0000000709200000| Complete 
|  57|0x0000000709400000, 0x0000000709600000, 0x0000000709600000|100%|HS|  |TAMS 0x0000000709400000, 0x0000000709400000| Complete 
|  58|0x0000000709600000, 0x0000000709800000, 0x0000000709800000|100%|HC|  |TAMS 0x0000000709600000, 0x0000000709600000| Complete 
|  59|0x0000000709800000, 0x0000000709a00000, 0x0000000709a00000|100%|HC|  |TAMS 0x0000000709800000, 0x0000000709800000| Complete 
|  60|0x0000000709a00000, 0x0000000709c00000, 0x0000000709c00000|100%|HC|  |TAMS 0x0000000709a00000, 0x0000000709a00000| Complete 
|  61|0x0000000709c00000, 0x0000000709e00000, 0x0000000709e00000|100%|HC|  |TAMS 0x0000000709c00000, 0x0000000709c00000| Complete 
|  62|0x0000000709e00000, 0x000000070a000000, 0x000000070a000000|100%|HS|  |TAMS 0x0000000709e00000, 0x0000000709e00000| Complete 
|  63|0x000000070a000000, 0x000000070a200000, 0x000000070a200000|100%|HC|  |TAMS 0x000000070a000000, 0x000000070a000000| Complete 
|  64|0x000000070a200000, 0x000000070a400000, 0x000000070a400000|100%|HC|  |TAMS 0x000000070a200000, 0x000000070a200000| Complete 
|  65|0x000000070a400000, 0x000000070a600000, 0x000000070a600000|100%|HC|  |TAMS 0x000000070a400000, 0x000000070a400000| Complete 
|  66|0x000000070a600000, 0x000000070a800000, 0x000000070a800000|100%|HC|  |TAMS 0x000000070a600000, 0x000000070a600000| Complete 
|  67|0x000000070a800000, 0x000000070aa00000, 0x000000070aa00000|100%|HS|  |TAMS 0x000000070a800000, 0x000000070a800000| Complete 
|  68|0x000000070aa00000, 0x000000070ac00000, 0x000000070ac00000|100%|HC|  |TAMS 0x000000070aa00000, 0x000000070aa00000| Complete 
|  69|0x000000070ac00000, 0x000000070ae00000, 0x000000070ae00000|100%|HC|  |TAMS 0x000000070ac00000, 0x000000070ac00000| Complete 
|  70|0x000000070ae00000, 0x000000070b000000, 0x000000070b000000|100%|HC|  |TAMS 0x000000070ae00000, 0x000000070ae00000| Complete 
|  71|0x000000070b000000, 0x000000070b200000, 0x000000070b200000|100%|HC|  |TAMS 0x000000070b000000, 0x000000070b000000| Complete 
|  72|0x000000070b200000, 0x000000070b400000, 0x000000070b400000|100%|HS|  |TAMS 0x000000070b200000, 0x000000070b200000| Complete 
|  73|0x000000070b400000, 0x000000070b600000, 0x000000070b600000|100%|HC|  |TAMS 0x000000070b400000, 0x000000070b400000| Complete 
|  74|0x000000070b600000, 0x000000070b800000, 0x000000070b800000|100%|HC|  |TAMS 0x000000070b600000, 0x000000070b600000| Complete 
|  75|0x000000070b800000, 0x000000070ba00000, 0x000000070ba00000|100%|HC|  |TAMS 0x000000070b800000, 0x000000070b800000| Complete 
|  76|0x000000070ba00000, 0x000000070bc00000, 0x000000070bc00000|100%|HC|  |TAMS 0x000000070ba00000, 0x000000070ba00000| Complete 
|  77|0x000000070bc00000, 0x000000070be00000, 0x000000070be00000|100%|HS|  |TAMS 0x000000070bc00000, 0x000000070bc00000| Complete 
|  78|0x000000070be00000, 0x000000070c000000, 0x000000070c000000|100%|HC|  |TAMS 0x000000070be00000, 0x000000070be00000| Complete 
|  79|0x000000070c000000, 0x000000070c200000, 0x000000070c200000|100%|HC|  |TAMS 0x000000070c000000, 0x000000070c000000| Complete 
|  80|0x000000070c200000, 0x000000070c400000, 0x000000070c400000|100%|HC|  |TAMS 0x000000070c200000, 0x000000070c200000| Complete 
|  81|0x000000070c400000, 0x000000070c600000, 0x000000070c600000|100%|HC|  |TAMS 0x000000070c400000, 0x000000070c400000| Complete 
|  82|0x000000070c600000, 0x000000070c800000, 0x000000070c800000|100%|HS|  |TAMS 0x000000070c600000, 0x000000070c600000| Complete 
|  83|0x000000070c800000, 0x000000070ca00000, 0x000000070ca00000|100%|HC|  |TAMS 0x000000070c800000, 0x000000070c800000| Complete 
|  84|0x000000070ca00000, 0x000000070cc00000, 0x000000070cc00000|100%|HC|  |TAMS 0x000000070ca00000, 0x000000070ca00000| Complete 
|  85|0x000000070cc00000, 0x000000070ce00000, 0x000000070ce00000|100%|HC|  |TAMS 0x000000070cc00000, 0x000000070cc00000| Complete 
|  86|0x000000070ce00000, 0x000000070d000000, 0x000000070d000000|100%|HC|  |TAMS 0x000000070ce00000, 0x000000070ce00000| Complete 
|  87|0x000000070d000000, 0x000000070d200000, 0x000000070d200000|100%|HS|  |TAMS 0x000000070d000000, 0x000000070d000000| Complete 
|  88|0x000000070d200000, 0x000000070d400000, 0x000000070d400000|100%|HC|  |TAMS 0x000000070d200000, 0x000000070d200000| Complete 
|  89|0x000000070d400000, 0x000000070d600000, 0x000000070d600000|100%|HC|  |TAMS 0x000000070d400000, 0x000000070d400000| Complete 
|  90|0x000000070d600000, 0x000000070d800000, 0x000000070d800000|100%|HC|  |TAMS 0x000000070d600000, 0x000000070d600000| Complete 
|  91|0x000000070d800000, 0x000000070da00000, 0x000000070da00000|100%|HC|  |TAMS 0x000000070d800000, 0x000000070d800000| Complete 
|  92|0x000000070da00000, 0x000000070da00000, 0x000000070dc00000|  0%| F|  |TAMS 0x000000070da00000, 0x000000070da00000| Untracked 
|  93|0x000000070dc00000, 0x000000070dcec060, 0x000000070de00000| 46%| E|  |TAMS 0x000000070dc00000, 0x000000070dc00000| Complete 
|  94|0x000000070de00000, 0x000000070de02040, 0x000000070e000000|  0%| S|CS|TAMS 0x000000070de00000, 0x000000070de00000| Complete 
|  95|0x000000070e000000, 0x000000070e200000, 0x000000070e200000|100%|HS|  |TAMS 0x000000070e000000, 0x000000070e000000| Complete 
|  96|0x000000070e200000, 0x000000070e400000, 0x000000070e400000|100%|HC|  |TAMS 0x000000070e200000, 0x000000070e200000| Complete 
|  97|0x000000070e400000, 0x000000070e600000, 0x000000070e600000|100%|HC|  |TAMS 0x000000070e400000, 0x000000070e400000| Complete 
|  98|0x000000070e600000, 0x000000070e800000, 0x000000070e800000|100%|HC|  |TAMS 0x000000070e600000, 0x000000070e600000| Complete 
|  99|0x000000070e800000, 0x000000070ea00000, 0x000000070ea00000|100%|HC|  |TAMS 0x000000070e800000, 0x000000070e800000| Complete 
| 100|0x000000070ea00000, 0x000000070ec00000, 0x000000070ec00000|100%|HS|  |TAMS 0x000000070ea00000, 0x000000070ea00000| Complete 
| 101|0x000000070ec00000, 0x000000070ee00000, 0x000000070ee00000|100%|HC|  |TAMS 0x000000070ec00000, 0x000000070ec00000| Complete 
| 102|0x000000070ee00000, 0x000000070f000000, 0x000000070f000000|100%|HC|  |TAMS 0x000000070ee00000, 0x000000070ee00000| Complete 
| 103|0x000000070f000000, 0x000000070f200000, 0x000000070f200000|100%|HC|  |TAMS 0x000000070f000000, 0x000000070f000000| Complete 
| 104|0x000000070f200000, 0x000000070f400000, 0x000000070f400000|100%|HC|  |TAMS 0x000000070f200000, 0x000000070f200000| Complete 
| 105|0x000000070f400000, 0x000000070f600000, 0x000000070f600000|100%|HS|  |TAMS 0x000000070f400000, 0x000000070f400000| Complete 
| 106|0x000000070f600000, 0x000000070f800000, 0x000000070f800000|100%|HC|  |TAMS 0x000000070f600000, 0x000000070f600000| Complete 
| 107|0x000000070f800000, 0x000000070fa00000, 0x000000070fa00000|100%|HC|  |TAMS 0x000000070f800000, 0x000000070f800000| Complete 
| 108|0x000000070fa00000, 0x000000070fc00000, 0x000000070fc00000|100%|HC|  |TAMS 0x000000070fa00000, 0x000000070fa00000| Complete 
| 109|0x000000070fc00000, 0x000000070fe00000, 0x000000070fe00000|100%|HC|  |TAMS 0x000000070fc00000, 0x000000070fc00000| Complete 
| 110|0x000000070fe00000, 0x0000000710000000, 0x0000000710000000|100%|HS|  |TAMS 0x000000070fe00000, 0x000000070fe00000| Complete 
| 111|0x0000000710000000, 0x0000000710200000, 0x0000000710200000|100%|HC|  |TAMS 0x0000000710000000, 0x0000000710000000| Complete 
| 112|0x0000000710200000, 0x0000000710400000, 0x0000000710400000|100%|HC|  |TAMS 0x0000000710200000, 0x0000000710200000| Complete 
| 113|0x0000000710400000, 0x0000000710600000, 0x0000000710600000|100%|HC|  |TAMS 0x0000000710400000, 0x0000000710400000| Complete 
| 114|0x0000000710600000, 0x0000000710800000, 0x0000000710800000|100%|HC|  |TAMS 0x0000000710600000, 0x0000000710600000| Complete 
| 115|0x0000000710800000, 0x0000000710a00000, 0x0000000710a00000|100%| E|CS|TAMS 0x0000000710800000, 0x0000000710800000| Complete 
| 116|0x0000000710a00000, 0x0000000710c00000, 0x0000000710c00000|100%|HS|  |TAMS 0x0000000710a00000, 0x0000000710a00000| Complete 
| 117|0x0000000710c00000, 0x0000000710e00000, 0x0000000710e00000|100%|HC|  |TAMS 0x0000000710c00000, 0x0000000710c00000| Complete 
| 118|0x0000000710e00000, 0x0000000711000000, 0x0000000711000000|100%|HC|  |TAMS 0x0000000710e00000, 0x0000000710e00000| Complete 
| 119|0x0000000711000000, 0x0000000711200000, 0x0000000711200000|100%|HC|  |TAMS 0x0000000711000000, 0x0000000711000000| Complete 
| 120|0x0000000711200000, 0x0000000711400000, 0x0000000711400000|100%|HC|  |TAMS 0x0000000711200000, 0x0000000711200000| Complete 
| 121|0x0000000711400000, 0x0000000711600000, 0x0000000711600000|100%|HS|  |TAMS 0x0000000711400000, 0x0000000711400000| Complete 
| 122|0x0000000711600000, 0x0000000711800000, 0x0000000711800000|100%|HC|  |TAMS 0x0000000711600000, 0x0000000711600000| Complete 
| 123|0x0000000711800000, 0x0000000711a00000, 0x0000000711a00000|100%|HC|  |TAMS 0x0000000711800000, 0x0000000711800000| Complete 
| 124|0x0000000711a00000, 0x0000000711c00000, 0x0000000711c00000|100%|HC|  |TAMS 0x0000000711a00000, 0x0000000711a00000| Complete 
| 125|0x0000000711c00000, 0x0000000711e00000, 0x0000000711e00000|100%|HC|  |TAMS 0x0000000711c00000, 0x0000000711c00000| Complete 
| 126|0x0000000711e00000, 0x0000000712000000, 0x0000000712000000|100%| E|CS|TAMS 0x0000000711e00000, 0x0000000711e00000| Complete 
| 127|0x0000000712000000, 0x0000000712200000, 0x0000000712200000|100%|HS|  |TAMS 0x0000000712000000, 0x0000000712000000| Complete 
| 128|0x0000000712200000, 0x0000000712400000, 0x0000000712400000|100%|HC|  |TAMS 0x0000000712200000, 0x0000000712200000| Complete 
| 129|0x0000000712400000, 0x0000000712600000, 0x0000000712600000|100%|HC|  |TAMS 0x0000000712400000, 0x0000000712400000| Complete 
| 130|0x0000000712600000, 0x0000000712800000, 0x0000000712800000|100%|HC|  |TAMS 0x0000000712600000, 0x0000000712600000| Complete 
| 131|0x0000000712800000, 0x0000000712a00000, 0x0000000712a00000|100%|HC|  |TAMS 0x0000000712800000, 0x0000000712800000| Complete 
| 132|0x0000000712a00000, 0x0000000712c00000, 0x0000000712c00000|100%|HS|  |TAMS 0x0000000712a00000, 0x0000000712a00000| Complete 
| 133|0x0000000712c00000, 0x0000000712e00000, 0x0000000712e00000|100%|HC|  |TAMS 0x0000000712c00000, 0x0000000712c00000| Complete 
| 134|0x0000000712e00000, 0x0000000713000000, 0x0000000713000000|100%|HC|  |TAMS 0x0000000712e00000, 0x0000000712e00000| Complete 
| 135|0x0000000713000000, 0x0000000713200000, 0x0000000713200000|100%|HC|  |TAMS 0x0000000713000000, 0x0000000713000000| Complete 
| 136|0x0000000713200000, 0x0000000713400000, 0x0000000713400000|100%|HC|  |TAMS 0x0000000713200000, 0x0000000713200000| Complete 
| 137|0x0000000713400000, 0x0000000713600000, 0x0000000713600000|100%|HS|  |TAMS 0x0000000713400000, 0x0000000713400000| Complete 
| 138|0x0000000713600000, 0x0000000713800000, 0x0000000713800000|100%|HC|  |TAMS 0x0000000713600000, 0x0000000713600000| Complete 
| 139|0x0000000713800000, 0x0000000713a00000, 0x0000000713a00000|100%|HC|  |TAMS 0x0000000713800000, 0x0000000713800000| Complete 
| 140|0x0000000713a00000, 0x0000000713c00000, 0x0000000713c00000|100%|HC|  |TAMS 0x0000000713a00000, 0x0000000713a00000| Complete 
| 141|0x0000000713c00000, 0x0000000713e00000, 0x0000000713e00000|100%|HC|  |TAMS 0x0000000713c00000, 0x0000000713c00000| Complete 
| 142|0x0000000713e00000, 0x0000000714000000, 0x0000000714000000|100%|HS|  |TAMS 0x0000000713e00000, 0x0000000713e00000| Complete 
| 143|0x0000000714000000, 0x0000000714200000, 0x0000000714200000|100%|HC|  |TAMS 0x0000000714000000, 0x0000000714000000| Complete 
| 144|0x0000000714200000, 0x0000000714400000, 0x0000000714400000|100%|HC|  |TAMS 0x0000000714200000, 0x0000000714200000| Complete 
| 145|0x0000000714400000, 0x0000000714600000, 0x0000000714600000|100%|HC|  |TAMS 0x0000000714400000, 0x0000000714400000| Complete 
| 146|0x0000000714600000, 0x0000000714800000, 0x0000000714800000|100%|HC|  |TAMS 0x0000000714600000, 0x0000000714600000| Complete 
| 147|0x0000000714800000, 0x0000000714a00000, 0x0000000714a00000|100%|HS|  |TAMS 0x0000000714800000, 0x0000000714800000| Complete 
| 148|0x0000000714a00000, 0x0000000714c00000, 0x0000000714c00000|100%|HC|  |TAMS 0x0000000714a00000, 0x0000000714a00000| Complete 
| 149|0x0000000714c00000, 0x0000000714e00000, 0x0000000714e00000|100%|HC|  |TAMS 0x0000000714c00000, 0x0000000714c00000| Complete 
| 150|0x0000000714e00000, 0x0000000715000000, 0x0000000715000000|100%|HC|  |TAMS 0x0000000714e00000, 0x0000000714e00000| Complete 
| 151|0x0000000715000000, 0x0000000715200000, 0x0000000715200000|100%|HC|  |TAMS 0x0000000715000000, 0x0000000715000000| Complete 
| 152|0x0000000715200000, 0x0000000715400000, 0x0000000715400000|100%|HS|  |TAMS 0x0000000715200000, 0x0000000715200000| Complete 
| 153|0x0000000715400000, 0x0000000715600000, 0x0000000715600000|100%|HC|  |TAMS 0x0000000715400000, 0x0000000715400000| Complete 
| 154|0x0000000715600000, 0x0000000715800000, 0x0000000715800000|100%|HC|  |TAMS 0x0000000715600000, 0x0000000715600000| Complete 
| 155|0x0000000715800000, 0x0000000715a00000, 0x0000000715a00000|100%|HC|  |TAMS 0x0000000715800000, 0x0000000715800000| Complete 
| 156|0x0000000715a00000, 0x0000000715c00000, 0x0000000715c00000|100%|HC|  |TAMS 0x0000000715a00000, 0x0000000715a00000| Complete 
| 157|0x0000000715c00000, 0x0000000715e00000, 0x0000000715e00000|100%|HS|  |TAMS 0x0000000715c00000, 0x0000000715c00000| Complete 
| 158|0x0000000715e00000, 0x0000000716000000, 0x0000000716000000|100%|HC|  |TAMS 0x0000000715e00000, 0x0000000715e00000| Complete 
| 159|0x0000000716000000, 0x0000000716200000, 0x0000000716200000|100%|HC|  |TAMS 0x0000000716000000, 0x0000000716000000| Complete 
| 160|0x0000000716200000, 0x0000000716400000, 0x0000000716400000|100%|HC|  |TAMS 0x0000000716200000, 0x0000000716200000| Complete 
| 161|0x0000000716400000, 0x0000000716600000, 0x0000000716600000|100%|HC|  |TAMS 0x0000000716400000, 0x0000000716400000| Complete 
| 162|0x0000000716600000, 0x0000000716800000, 0x0000000716800000|100%|HS|  |TAMS 0x0000000716600000, 0x0000000716600000| Complete 
| 163|0x0000000716800000, 0x0000000716a00000, 0x0000000716a00000|100%|HC|  |TAMS 0x0000000716800000, 0x0000000716800000| Complete 
| 164|0x0000000716a00000, 0x0000000716c00000, 0x0000000716c00000|100%|HC|  |TAMS 0x0000000716a00000, 0x0000000716a00000| Complete 
| 165|0x0000000716c00000, 0x0000000716e00000, 0x0000000716e00000|100%|HC|  |TAMS 0x0000000716c00000, 0x0000000716c00000| Complete 
| 166|0x0000000716e00000, 0x0000000717000000, 0x0000000717000000|100%|HC|  |TAMS 0x0000000716e00000, 0x0000000716e00000| Complete 
| 167|0x0000000717000000, 0x0000000717200000, 0x0000000717200000|100%|HS|  |TAMS 0x0000000717000000, 0x0000000717000000| Complete 
| 168|0x0000000717200000, 0x0000000717400000, 0x0000000717400000|100%|HC|  |TAMS 0x0000000717200000, 0x0000000717200000| Complete 
| 169|0x0000000717400000, 0x0000000717600000, 0x0000000717600000|100%|HC|  |TAMS 0x0000000717400000, 0x0000000717400000| Complete 
| 170|0x0000000717600000, 0x0000000717800000, 0x0000000717800000|100%|HC|  |TAMS 0x0000000717600000, 0x0000000717600000| Complete 
| 171|0x0000000717800000, 0x0000000717a00000, 0x0000000717a00000|100%|HC|  |TAMS 0x0000000717800000, 0x0000000717800000| Complete 
| 172|0x0000000717a00000, 0x0000000717c00000, 0x0000000717c00000|100%|HS|  |TAMS 0x0000000717a00000, 0x0000000717a00000| Complete 
| 173|0x0000000717c00000, 0x0000000717e00000, 0x0000000717e00000|100%|HC|  |TAMS 0x0000000717c00000, 0x0000000717c00000| Complete 
| 174|0x0000000717e00000, 0x0000000718000000, 0x0000000718000000|100%|HC|  |TAMS 0x0000000717e00000, 0x0000000717e00000| Complete 
| 175|0x0000000718000000, 0x0000000718200000, 0x0000000718200000|100%|HC|  |TAMS 0x0000000718000000, 0x0000000718000000| Complete 
| 176|0x0000000718200000, 0x0000000718400000, 0x0000000718400000|100%|HC|  |TAMS 0x0000000718200000, 0x0000000718200000| Complete 
| 177|0x0000000718400000, 0x0000000718600000, 0x0000000718600000|100%|HS|  |TAMS 0x0000000718400000, 0x0000000718400000| Complete 
| 178|0x0000000718600000, 0x0000000718800000, 0x0000000718800000|100%|HC|  |TAMS 0x0000000718600000, 0x0000000718600000| Complete 
| 179|0x0000000718800000, 0x0000000718a00000, 0x0000000718a00000|100%|HC|  |TAMS 0x0000000718800000, 0x0000000718800000| Complete 
| 180|0x0000000718a00000, 0x0000000718c00000, 0x0000000718c00000|100%|HC|  |TAMS 0x0000000718a00000, 0x0000000718a00000| Complete 
| 181|0x0000000718c00000, 0x0000000718e00000, 0x0000000718e00000|100%|HC|  |TAMS 0x0000000718c00000, 0x0000000718c00000| Complete 
| 182|0x0000000718e00000, 0x0000000719000000, 0x0000000719000000|100%|HS|  |TAMS 0x0000000718e00000, 0x0000000718e00000| Complete 
| 183|0x0000000719000000, 0x0000000719200000, 0x0000000719200000|100%|HC|  |TAMS 0x0000000719000000, 0x0000000719000000| Complete 
| 184|0x0000000719200000, 0x0000000719400000, 0x0000000719400000|100%|HC|  |TAMS 0x0000000719200000, 0x0000000719200000| Complete 
| 185|0x0000000719400000, 0x0000000719600000, 0x0000000719600000|100%|HC|  |TAMS 0x0000000719400000, 0x0000000719400000| Complete 
| 186|0x0000000719600000, 0x0000000719800000, 0x0000000719800000|100%|HC|  |TAMS 0x0000000719600000, 0x0000000719600000| Complete 
| 187|0x0000000719800000, 0x0000000719a00000, 0x0000000719a00000|100%|HS|  |TAMS 0x0000000719800000, 0x0000000719800000| Complete 
| 188|0x0000000719a00000, 0x0000000719c00000, 0x0000000719c00000|100%|HC|  |TAMS 0x0000000719a00000, 0x0000000719a00000| Complete 
| 189|0x0000000719c00000, 0x0000000719e00000, 0x0000000719e00000|100%|HC|  |TAMS 0x0000000719c00000, 0x0000000719c00000| Complete 
| 190|0x0000000719e00000, 0x000000071a000000, 0x000000071a000000|100%|HC|  |TAMS 0x0000000719e00000, 0x0000000719e00000| Complete 
| 191|0x000000071a000000, 0x000000071a200000, 0x000000071a200000|100%|HC|  |TAMS 0x000000071a000000, 0x000000071a000000| Complete 
| 192|0x000000071a200000, 0x000000071a400000, 0x000000071a400000|100%|HS|  |TAMS 0x000000071a200000, 0x000000071a200000| Complete 
| 193|0x000000071a400000, 0x000000071a600000, 0x000000071a600000|100%|HC|  |TAMS 0x000000071a400000, 0x000000071a400000| Complete 
| 194|0x000000071a600000, 0x000000071a800000, 0x000000071a800000|100%|HC|  |TAMS 0x000000071a600000, 0x000000071a600000| Complete 
| 195|0x000000071a800000, 0x000000071aa00000, 0x000000071aa00000|100%|HC|  |TAMS 0x000000071a800000, 0x000000071a800000| Complete 
| 196|0x000000071aa00000, 0x000000071ac00000, 0x000000071ac00000|100%|HC|  |TAMS 0x000000071aa00000, 0x000000071aa00000| Complete 
| 197|0x000000071ac00000, 0x000000071ae00000, 0x000000071ae00000|100%|HS|  |TAMS 0x000000071ac00000, 0x000000071ac00000| Complete 
| 198|0x000000071ae00000, 0x000000071b000000, 0x000000071b000000|100%|HC|  |TAMS 0x000000071ae00000, 0x000000071ae00000| Complete 
| 199|0x000000071b000000, 0x000000071b200000, 0x000000071b200000|100%|HC|  |TAMS 0x000000071b000000, 0x000000071b000000| Complete 
| 200|0x000000071b200000, 0x000000071b400000, 0x000000071b400000|100%|HC|  |TAMS 0x000000071b200000, 0x000000071b200000| Complete 
| 201|0x000000071b400000, 0x000000071b600000, 0x000000071b600000|100%|HC|  |TAMS 0x000000071b400000, 0x000000071b400000| Complete 
| 202|0x000000071b600000, 0x000000071b800000, 0x000000071b800000|100%|HS|  |TAMS 0x000000071b600000, 0x000000071b600000| Complete 
| 203|0x000000071b800000, 0x000000071ba00000, 0x000000071ba00000|100%|HC|  |TAMS 0x000000071b800000, 0x000000071b800000| Complete 
| 204|0x000000071ba00000, 0x000000071bc00000, 0x000000071bc00000|100%|HC|  |TAMS 0x000000071ba00000, 0x000000071ba00000| Complete 
| 205|0x000000071bc00000, 0x000000071be00000, 0x000000071be00000|100%|HC|  |TAMS 0x000000071bc00000, 0x000000071bc00000| Complete 
| 206|0x000000071be00000, 0x000000071c000000, 0x000000071c000000|100%|HC|  |TAMS 0x000000071be00000, 0x000000071be00000| Complete 
| 207|0x000000071c000000, 0x000000071c200000, 0x000000071c200000|100%|HS|  |TAMS 0x000000071c000000, 0x000000071c000000| Complete 
| 208|0x000000071c200000, 0x000000071c400000, 0x000000071c400000|100%|HC|  |TAMS 0x000000071c200000, 0x000000071c200000| Complete 
| 209|0x000000071c400000, 0x000000071c600000, 0x000000071c600000|100%|HC|  |TAMS 0x000000071c400000, 0x000000071c400000| Complete 
| 210|0x000000071c600000, 0x000000071c800000, 0x000000071c800000|100%|HC|  |TAMS 0x000000071c600000, 0x000000071c600000| Complete 
| 211|0x000000071c800000, 0x000000071ca00000, 0x000000071ca00000|100%|HC|  |TAMS 0x000000071c800000, 0x000000071c800000| Complete 
| 212|0x000000071ca00000, 0x000000071cc00000, 0x000000071cc00000|100%|HS|  |TAMS 0x000000071ca00000, 0x000000071ca00000| Complete 
| 213|0x000000071cc00000, 0x000000071ce00000, 0x000000071ce00000|100%|HC|  |TAMS 0x000000071cc00000, 0x000000071cc00000| Complete 
| 214|0x000000071ce00000, 0x000000071d000000, 0x000000071d000000|100%|HC|  |TAMS 0x000000071ce00000, 0x000000071ce00000| Complete 
| 215|0x000000071d000000, 0x000000071d200000, 0x000000071d200000|100%|HC|  |TAMS 0x000000071d000000, 0x000000071d000000| Complete 
| 216|0x000000071d200000, 0x000000071d400000, 0x000000071d400000|100%|HC|  |TAMS 0x000000071d200000, 0x000000071d200000| Complete 
| 217|0x000000071d400000, 0x000000071d600000, 0x000000071d600000|100%|HS|  |TAMS 0x000000071d400000, 0x000000071d400000| Complete 
| 218|0x000000071d600000, 0x000000071d800000, 0x000000071d800000|100%|HC|  |TAMS 0x000000071d600000, 0x000000071d600000| Complete 
| 219|0x000000071d800000, 0x000000071da00000, 0x000000071da00000|100%|HC|  |TAMS 0x000000071d800000, 0x000000071d800000| Complete 
| 220|0x000000071da00000, 0x000000071dc00000, 0x000000071dc00000|100%|HC|  |TAMS 0x000000071da00000, 0x000000071da00000| Complete 
| 221|0x000000071dc00000, 0x000000071de00000, 0x000000071de00000|100%|HC|  |TAMS 0x000000071dc00000, 0x000000071dc00000| Complete 
| 222|0x000000071de00000, 0x000000071e000000, 0x000000071e000000|100%|HS|  |TAMS 0x000000071de00000, 0x000000071de00000| Complete 
| 223|0x000000071e000000, 0x000000071e200000, 0x000000071e200000|100%|HC|  |TAMS 0x000000071e000000, 0x000000071e000000| Complete 
| 224|0x000000071e200000, 0x000000071e400000, 0x000000071e400000|100%|HC|  |TAMS 0x000000071e200000, 0x000000071e200000| Complete 
| 225|0x000000071e400000, 0x000000071e600000, 0x000000071e600000|100%|HC|  |TAMS 0x000000071e400000, 0x000000071e400000| Complete 
| 226|0x000000071e600000, 0x000000071e800000, 0x000000071e800000|100%|HC|  |TAMS 0x000000071e600000, 0x000000071e600000| Complete 
| 227|0x000000071e800000, 0x000000071ea00000, 0x000000071ea00000|100%|HS|  |TAMS 0x000000071e800000, 0x000000071e800000| Complete 
| 228|0x000000071ea00000, 0x000000071ec00000, 0x000000071ec00000|100%|HC|  |TAMS 0x000000071ea00000, 0x000000071ea00000| Complete 
| 229|0x000000071ec00000, 0x000000071ee00000, 0x000000071ee00000|100%|HC|  |TAMS 0x000000071ec00000, 0x000000071ec00000| Complete 
| 230|0x000000071ee00000, 0x000000071f000000, 0x000000071f000000|100%|HC|  |TAMS 0x000000071ee00000, 0x000000071ee00000| Complete 
| 231|0x000000071f000000, 0x000000071f200000, 0x000000071f200000|100%|HC|  |TAMS 0x000000071f000000, 0x000000071f000000| Complete 
| 232|0x000000071f200000, 0x000000071f400000, 0x000000071f400000|100%|HS|  |TAMS 0x000000071f200000, 0x000000071f200000| Complete 
| 233|0x000000071f400000, 0x000000071f600000, 0x000000071f600000|100%|HC|  |TAMS 0x000000071f400000, 0x000000071f400000| Complete 
| 234|0x000000071f600000, 0x000000071f800000, 0x000000071f800000|100%|HC|  |TAMS 0x000000071f600000, 0x000000071f600000| Complete 
| 235|0x000000071f800000, 0x000000071fa00000, 0x000000071fa00000|100%|HC|  |TAMS 0x000000071f800000, 0x000000071f800000| Complete 
| 236|0x000000071fa00000, 0x000000071fc00000, 0x000000071fc00000|100%|HC|  |TAMS 0x000000071fa00000, 0x000000071fa00000| Complete 
| 237|0x000000071fc00000, 0x000000071fe00000, 0x000000071fe00000|100%|HS|  |TAMS 0x000000071fc00000, 0x000000071fc00000| Complete 
| 238|0x000000071fe00000, 0x0000000720000000, 0x0000000720000000|100%|HC|  |TAMS 0x000000071fe00000, 0x000000071fe00000| Complete 
| 239|0x0000000720000000, 0x0000000720200000, 0x0000000720200000|100%|HC|  |TAMS 0x0000000720000000, 0x0000000720000000| Complete 
| 240|0x0000000720200000, 0x0000000720400000, 0x0000000720400000|100%|HC|  |TAMS 0x0000000720200000, 0x0000000720200000| Complete 
| 241|0x0000000720400000, 0x0000000720600000, 0x0000000720600000|100%|HC|  |TAMS 0x0000000720400000, 0x0000000720400000| Complete 
| 242|0x0000000720600000, 0x0000000720800000, 0x0000000720800000|100%|HS|  |TAMS 0x0000000720600000, 0x0000000720600000| Complete 
| 243|0x0000000720800000, 0x0000000720a00000, 0x0000000720a00000|100%|HC|  |TAMS 0x0000000720800000, 0x0000000720800000| Complete 
| 244|0x0000000720a00000, 0x0000000720c00000, 0x0000000720c00000|100%|HC|  |TAMS 0x0000000720a00000, 0x0000000720a00000| Complete 
| 245|0x0000000720c00000, 0x0000000720e00000, 0x0000000720e00000|100%|HC|  |TAMS 0x0000000720c00000, 0x0000000720c00000| Complete 
| 246|0x0000000720e00000, 0x0000000721000000, 0x0000000721000000|100%|HC|  |TAMS 0x0000000720e00000, 0x0000000720e00000| Complete 
| 247|0x0000000721000000, 0x0000000721200000, 0x0000000721200000|100%|HS|  |TAMS 0x0000000721000000, 0x0000000721000000| Complete 
| 248|0x0000000721200000, 0x0000000721400000, 0x0000000721400000|100%|HC|  |TAMS 0x0000000721200000, 0x0000000721200000| Complete 
| 249|0x0000000721400000, 0x0000000721600000, 0x0000000721600000|100%|HC|  |TAMS 0x0000000721400000, 0x0000000721400000| Complete 
| 250|0x0000000721600000, 0x0000000721800000, 0x0000000721800000|100%|HC|  |TAMS 0x0000000721600000, 0x0000000721600000| Complete 
| 251|0x0000000721800000, 0x0000000721a00000, 0x0000000721a00000|100%|HC|  |TAMS 0x0000000721800000, 0x0000000721800000| Complete 
| 252|0x0000000721a00000, 0x0000000721c00000, 0x0000000721c00000|100%|HS|  |TAMS 0x0000000721a00000, 0x0000000721a00000| Complete 
| 253|0x0000000721c00000, 0x0000000721e00000, 0x0000000721e00000|100%|HC|  |TAMS 0x0000000721c00000, 0x0000000721c00000| Complete 
| 254|0x0000000721e00000, 0x0000000722000000, 0x0000000722000000|100%|HC|  |TAMS 0x0000000721e00000, 0x0000000721e00000| Complete 
| 255|0x0000000722000000, 0x0000000722200000, 0x0000000722200000|100%|HC|  |TAMS 0x0000000722000000, 0x0000000722000000| Complete 
| 256|0x0000000722200000, 0x0000000722400000, 0x0000000722400000|100%|HC|  |TAMS 0x0000000722200000, 0x0000000722200000| Complete 
| 257|0x0000000722400000, 0x0000000722600000, 0x0000000722600000|100%|HS|  |TAMS 0x0000000722400000, 0x0000000722400000| Complete 
| 258|0x0000000722600000, 0x0000000722800000, 0x0000000722800000|100%|HC|  |TAMS 0x0000000722600000, 0x0000000722600000| Complete 
| 259|0x0000000722800000, 0x0000000722a00000, 0x0000000722a00000|100%|HC|  |TAMS 0x0000000722800000, 0x0000000722800000| Complete 
| 260|0x0000000722a00000, 0x0000000722c00000, 0x0000000722c00000|100%|HC|  |TAMS 0x0000000722a00000, 0x0000000722a00000| Complete 
| 261|0x0000000722c00000, 0x0000000722e00000, 0x0000000722e00000|100%|HC|  |TAMS 0x0000000722c00000, 0x0000000722c00000| Complete 
| 262|0x0000000722e00000, 0x0000000723000000, 0x0000000723000000|100%|HS|  |TAMS 0x0000000722e00000, 0x0000000722e00000| Complete 
| 263|0x0000000723000000, 0x0000000723200000, 0x0000000723200000|100%|HC|  |TAMS 0x0000000723000000, 0x0000000723000000| Complete 
| 264|0x0000000723200000, 0x0000000723400000, 0x0000000723400000|100%|HC|  |TAMS 0x0000000723200000, 0x0000000723200000| Complete 
| 265|0x0000000723400000, 0x0000000723600000, 0x0000000723600000|100%|HC|  |TAMS 0x0000000723400000, 0x0000000723400000| Complete 
| 266|0x0000000723600000, 0x0000000723800000, 0x0000000723800000|100%|HC|  |TAMS 0x0000000723600000, 0x0000000723600000| Complete 
| 267|0x0000000723800000, 0x0000000723a00000, 0x0000000723a00000|100%|HS|  |TAMS 0x0000000723800000, 0x0000000723800000| Complete 
| 268|0x0000000723a00000, 0x0000000723c00000, 0x0000000723c00000|100%|HC|  |TAMS 0x0000000723a00000, 0x0000000723a00000| Complete 
| 269|0x0000000723c00000, 0x0000000723e00000, 0x0000000723e00000|100%|HC|  |TAMS 0x0000000723c00000, 0x0000000723c00000| Complete 
| 270|0x0000000723e00000, 0x0000000724000000, 0x0000000724000000|100%|HC|  |TAMS 0x0000000723e00000, 0x0000000723e00000| Complete 
| 271|0x0000000724000000, 0x0000000724200000, 0x0000000724200000|100%|HC|  |TAMS 0x0000000724000000, 0x0000000724000000| Complete 
| 272|0x0000000724200000, 0x0000000724400000, 0x0000000724400000|100%|HS|  |TAMS 0x0000000724200000, 0x0000000724200000| Complete 
| 273|0x0000000724400000, 0x0000000724600000, 0x0000000724600000|100%|HC|  |TAMS 0x0000000724400000, 0x0000000724400000| Complete 
| 274|0x0000000724600000, 0x0000000724800000, 0x0000000724800000|100%|HC|  |TAMS 0x0000000724600000, 0x0000000724600000| Complete 
| 275|0x0000000724800000, 0x0000000724a00000, 0x0000000724a00000|100%|HC|  |TAMS 0x0000000724800000, 0x0000000724800000| Complete 
| 276|0x0000000724a00000, 0x0000000724c00000, 0x0000000724c00000|100%|HC|  |TAMS 0x0000000724a00000, 0x0000000724a00000| Complete 

Card table byte_map: [0x0000025ddd760000,0x0000025dddf50000] _byte_map_base: 0x0000025dd9f4f000

Marking Bits (Prev, Next): (CMBitMap*) 0x0000025dc3d65320, (CMBitMap*) 0x0000025dc3d652e0
 Prev Bits: [0x0000025de26c0000, 0x0000025de6638000)
 Next Bits: [0x0000025dde740000, 0x0000025de26b8000)

Polling page: 0x0000025dc3df0000

Metaspace:

Usage:
  Non-class:      7.90 MB capacity,     7.82 MB ( 99%) used,    77.18 KB ( <1%) free+waste,    12.06 KB ( <1%) overhead. 
      Class:      1.06 MB capacity,     1.00 MB ( 94%) used,    58.60 KB (  5%) free+waste,     5.06 KB ( <1%) overhead. 
       Both:      8.97 MB capacity,     8.82 MB ( 98%) used,   135.78 KB (  1%) free+waste,    17.12 KB ( <1%) overhead. 

Virtual space:
  Non-class space:        8.00 MB reserved,       8.00 MB (100%) committed 
      Class space:        1.00 GB reserved,       1.12 MB ( <1%) committed 
             Both:        1.01 GB reserved,       9.12 MB ( <1%) committed 

Chunk freelists:
   Non-Class:  36.00 KB
       Class:  31.00 KB
        Both:  67.00 KB

MaxMetaspaceSize: 17179869184.00 GB
CompressedClassSpaceSize: 1.00 GB

CodeHeap 'non-profiled nmethods': size=120000Kb used=332Kb max_used=332Kb free=119667Kb
 bounds [0x0000025dd51f0000, 0x0000025dd5460000, 0x0000025ddc720000]
CodeHeap 'profiled nmethods': size=120000Kb used=1956Kb max_used=1956Kb free=118043Kb
 bounds [0x0000025dcdcc0000, 0x0000025dcdf30000, 0x0000025dd51f0000]
CodeHeap 'non-nmethods': size=5760Kb used=1293Kb max_used=1308Kb free=4466Kb
 bounds [0x0000025dcd720000, 0x0000025dcd990000, 0x0000025dcdcc0000]
 total_blobs=1818 nmethods=1234 adapters=497
 compilation: enabled
              stopped_count=0, restarted_count=0
 full_count=0

Compilation events (20 events):
Event: 1.953 Thread 0x0000025de9868ca0 1225       3       javax.swing.RepaintManager::currentManager (37 bytes)
Event: 1.954 Thread 0x0000025de9868ca0 nmethod 1225 0x0000025dcdea4110 code [0x0000025dcdea42e0, 0x0000025dcdea4648]
Event: 2.076 Thread 0x0000025de9868ca0 1226   !   3       javax.swing.RepaintManager::addDirtyRegion0 (205 bytes)
Event: 2.077 Thread 0x0000025de9868ca0 nmethod 1226 0x0000025dcdea4790 code [0x0000025dcdea4aa0, 0x0000025dcdea64d8]
Event: 2.091 Thread 0x0000025de9868ca0 1227       3       java.awt.Component::isVisible (5 bytes)
Event: 2.091 Thread 0x0000025de9868ca0 nmethod 1227 0x0000025dcdea6b90 code [0x0000025dcdea6d20, 0x0000025dcdea6e38]
Event: 2.121 Thread 0x0000025de9868ca0 1228       3       java.awt.Component::repaint (16 bytes)
Event: 2.121 Thread 0x0000025de9868ca0 nmethod 1228 0x0000025dcdea6f10 code [0x0000025dcdea70c0, 0x0000025dcdea72a8]
Event: 2.252 Thread 0x0000025de9868ca0 1229       3       javax.swing.RepaintManager::currentManager (7 bytes)
Event: 2.252 Thread 0x0000025de9868ca0 nmethod 1229 0x0000025dcdea7390 code [0x0000025dcdea7540, 0x0000025dcdea7678]
Event: 2.274 Thread 0x0000025de9868ca0 1230       3       javax.swing.RepaintManager::addDirtyRegion (12 bytes)
Event: 2.274 Thread 0x0000025de9868ca0 nmethod 1230 0x0000025dcdea7710 code [0x0000025dcdea78c0, 0x0000025dcdea79e8]
Event: 2.289 Thread 0x0000025de9868ca0 1231       3       javax.swing.JFrame::repaint (37 bytes)
Event: 2.289 Thread 0x0000025de9868ca0 nmethod 1231 0x0000025dcdea7a90 code [0x0000025dcdea7c60, 0x0000025dcdea7ea8]
Event: 2.390 Thread 0x0000025de9868ca0 1233       3       java.lang.StringCoding::hasNegatives (25 bytes)
Event: 2.390 Thread 0x0000025de9868ca0 nmethod 1233 0x0000025dcdea8010 code [0x0000025dcdea81c0, 0x0000025dcdea83d8]
Event: 2.390 Thread 0x0000025de9868ca0 1234       3       java.lang.Character::toLowerCase (9 bytes)
Event: 2.390 Thread 0x0000025de9868ca0 nmethod 1234 0x0000025dcdea8510 code [0x0000025dcdea86c0, 0x0000025dcdea8898]
Event: 2.390 Thread 0x0000025de9868ca0 1235       3       java.lang.ref.Cleaner::register (25 bytes)
Event: 2.390 Thread 0x0000025de9868ca0 nmethod 1235 0x0000025dcdea8990 code [0x0000025dcdea8b80, 0x0000025dcdea90e8]

GC Heap History (20 events):
Event: 0.957 GC heap before
{Heap before GC invocations=43 (full 0):
 garbage-first heap   total 212992K, used 89335K [0x0000000702200000, 0x0000000800000000)
  region size 2048K, 4 young (8192K), 1 survivors (2048K)
 Metaspace       used 8903K, capacity 9053K, committed 9344K, reserved 1056768K
  class space    used 1024K, capacity 1089K, committed 1152K, reserved 1048576K
}
Event: 0.958 GC heap after
{Heap after GC invocations=44 (full 0):
 garbage-first heap   total 212992K, used 54521K [0x0000000702200000, 0x0000000800000000)
  region size 2048K, 1 young (2048K), 1 survivors (2048K)
 Metaspace       used 8903K, capacity 9053K, committed 9344K, reserved 1056768K
  class space    used 1024K, capacity 1089K, committed 1152K, reserved 1048576K
}
Event: 0.980 GC heap before
{Heap before GC invocations=45 (full 0):
 garbage-first heap   total 212992K, used 87289K [0x0000000702200000, 0x0000000800000000)
  region size 2048K, 3 young (6144K), 1 survivors (2048K)
 Metaspace       used 8903K, capacity 9053K, committed 9344K, reserved 1056768K
  class space    used 1024K, capacity 1089K, committed 1152K, reserved 1048576K
}
Event: 0.981 GC heap after
{Heap after GC invocations=46 (full 0):
 garbage-first heap   total 256000K, used 44279K [0x0000000702200000, 0x0000000800000000)
  region size 2048K, 1 young (2048K), 1 survivors (2048K)
 Metaspace       used 8903K, capacity 9053K, committed 9344K, reserved 1056768K
  class space    used 1024K, capacity 1089K, committed 1152K, reserved 1048576K
}
Event: 1.020 GC heap before
{Heap before GC invocations=47 (full 0):
 garbage-first heap   total 219136K, used 97527K [0x0000000702200000, 0x0000000800000000)
  region size 2048K, 3 young (6144K), 1 survivors (2048K)
 Metaspace       used 8908K, capacity 9053K, committed 9344K, reserved 1056768K
  class space    used 1024K, capacity 1089K, committed 1152K, reserved 1048576K
}
Event: 1.020 GC heap after
{Heap after GC invocations=48 (full 0):
 garbage-first heap   total 219136K, used 64764K [0x0000000702200000, 0x0000000800000000)
  region size 2048K, 1 young (2048K), 1 survivors (2048K)
 Metaspace       used 8908K, capacity 9053K, committed 9344K, reserved 1056768K
  class space    used 1024K, capacity 1089K, committed 1152K, reserved 1048576K
}
Event: 1.034 GC heap before
{Heap before GC invocations=49 (full 0):
 garbage-first heap   total 219136K, used 87292K [0x0000000702200000, 0x0000000800000000)
  region size 2048K, 3 young (6144K), 1 survivors (2048K)
 Metaspace       used 8908K, capacity 9053K, committed 9344K, reserved 1056768K
  class space    used 1024K, capacity 1089K, committed 1152K, reserved 1048576K
}
Event: 1.035 GC heap after
{Heap after GC invocations=50 (full 0):
 garbage-first heap   total 219136K, used 34044K [0x0000000702200000, 0x0000000800000000)
  region size 2048K, 1 young (2048K), 1 survivors (2048K)
 Metaspace       used 8908K, capacity 9053K, committed 9344K, reserved 1056768K
  class space    used 1024K, capacity 1089K, committed 1152K, reserved 1048576K
}
Event: 1.068 GC heap before
{Heap before GC invocations=51 (full 0):
 garbage-first heap   total 184320K, used 77052K [0x0000000702200000, 0x0000000800000000)
  region size 2048K, 3 young (6144K), 1 survivors (2048K)
 Metaspace       used 8910K, capacity 9053K, committed 9344K, reserved 1056768K
  class space    used 1024K, capacity 1089K, committed 1152K, reserved 1048576K
}
Event: 1.069 GC heap after
{Heap after GC invocations=52 (full 0):
 garbage-first heap   total 184320K, used 54524K [0x0000000702200000, 0x0000000800000000)
  region size 2048K, 1 young (2048K), 1 survivors (2048K)
 Metaspace       used 8910K, capacity 9053K, committed 9344K, reserved 1056768K
  class space    used 1024K, capacity 1089K, committed 1152K, reserved 1048576K
}
Event: 1.084 GC heap before
{Heap before GC invocations=53 (full 0):
 garbage-first heap   total 184320K, used 77052K [0x0000000702200000, 0x0000000800000000)
  region size 2048K, 3 young (6144K), 1 survivors (2048K)
 Metaspace       used 8915K, capacity 9053K, committed 9344K, reserved 1056768K
  class space    used 1024K, capacity 1089K, committed 1152K, reserved 1048576K
}
Event: 1.084 GC heap after
{Heap after GC invocations=54 (full 0):
 garbage-first heap   total 227328K, used 34052K [0x0000000702200000, 0x0000000800000000)
  region size 2048K, 1 young (2048K), 1 survivors (2048K)
 Metaspace       used 8915K, capacity 9053K, committed 9344K, reserved 1056768K
  class space    used 1024K, capacity 1089K, committed 1152K, reserved 1048576K
}
Event: 1.116 GC heap before
{Heap before GC invocations=55 (full 0):
 garbage-first heap   total 198656K, used 79108K [0x0000000702200000, 0x0000000800000000)
  region size 2048K, 4 young (8192K), 1 survivors (2048K)
 Metaspace       used 8935K, capacity 9117K, committed 9344K, reserved 1056768K
  class space    used 1024K, capacity 1089K, committed 1152K, reserved 1048576K
}
Event: 1.117 GC heap after
{Heap after GC invocations=56 (full 0):
 garbage-first heap   total 198656K, used 54532K [0x0000000702200000, 0x0000000800000000)
  region size 2048K, 1 young (2048K), 1 survivors (2048K)
 Metaspace       used 8935K, capacity 9117K, committed 9344K, reserved 1056768K
  class space    used 1024K, capacity 1089K, committed 1152K, reserved 1048576K
}
Event: 1.132 GC heap before
{Heap before GC invocations=57 (full 0):
 garbage-first heap   total 198656K, used 79108K [0x0000000702200000, 0x0000000800000000)
  region size 2048K, 4 young (8192K), 1 survivors (2048K)
 Metaspace       used 8956K, capacity 9117K, committed 9344K, reserved 1056768K
  class space    used 1024K, capacity 1089K, committed 1152K, reserved 1048576K
}
Event: 1.133 GC heap after
{Heap after GC invocations=58 (full 0):
 garbage-first heap   total 198656K, used 34055K [0x0000000702200000, 0x0000000800000000)
  region size 2048K, 1 young (2048K), 1 survivors (2048K)
 Metaspace       used 8956K, capacity 9117K, committed 9344K, reserved 1056768K
  class space    used 1024K, capacity 1089K, committed 1152K, reserved 1048576K
}
Event: 1.165 GC heap before
{Heap before GC invocations=59 (full 0):
 garbage-first heap   total 198656K, used 79111K [0x0000000702200000, 0x0000000800000000)
  region size 2048K, 4 young (8192K), 1 survivors (2048K)
 Metaspace       used 8965K, capacity 9117K, committed 9344K, reserved 1056768K
  class space    used 1024K, capacity 1089K, committed 1152K, reserved 1048576K
}
Event: 1.166 GC heap after
{Heap after GC invocations=60 (full 0):
 garbage-first heap   total 198656K, used 54535K [0x0000000702200000, 0x0000000800000000)
  region size 2048K, 1 young (2048K), 1 survivors (2048K)
 Metaspace       used 8965K, capacity 9117K, committed 9344K, reserved 1056768K
  class space    used 1024K, capacity 1089K, committed 1152K, reserved 1048576K
}
Event: 1.181 GC heap before
{Heap before GC invocations=61 (full 0):
 garbage-first heap   total 198656K, used 77063K [0x0000000702200000, 0x0000000800000000)
  region size 2048K, 3 young (6144K), 1 survivors (2048K)
 Metaspace       used 8967K, capacity 9117K, committed 9344K, reserved 1056768K
  class space    used 1024K, capacity 1089K, committed 1152K, reserved 1048576K
}
Event: 1.182 GC heap after
{Heap after GC invocations=62 (full 0):
 garbage-first heap   total 239616K, used 34061K [0x0000000702200000, 0x0000000800000000)
  region size 2048K, 1 young (2048K), 1 survivors (2048K)
 Metaspace       used 8967K, capacity 9117K, committed 9344K, reserved 1056768K
  class space    used 1024K, capacity 1089K, committed 1152K, reserved 1048576K
}

Deoptimization events (20 events):
Event: 0.378 Thread 0x0000025df1d14ed0 DEOPT PACKING pc=0x0000025dcddc8eed sp=0x000000f18261ed90
Event: 0.378 Thread 0x0000025df1d14ed0 DEOPT UNPACKING pc=0x0000025dcd76e23f sp=0x000000f18261e230 mode 0
Event: 0.378 Thread 0x0000025df1d14ed0 DEOPT PACKING pc=0x0000025dcddc8eed sp=0x000000f18261ed90
Event: 0.378 Thread 0x0000025df1d14ed0 DEOPT UNPACKING pc=0x0000025dcd76e23f sp=0x000000f18261e230 mode 0
Event: 0.378 Thread 0x0000025df1d14ed0 DEOPT PACKING pc=0x0000025dcddc8eed sp=0x000000f18261ed90
Event: 0.378 Thread 0x0000025df1d14ed0 DEOPT UNPACKING pc=0x0000025dcd76e23f sp=0x000000f18261e230 mode 0
Event: 0.378 Thread 0x0000025df1d14ed0 DEOPT PACKING pc=0x0000025dcddc8eed sp=0x000000f18261ed90
Event: 0.378 Thread 0x0000025df1d14ed0 DEOPT UNPACKING pc=0x0000025dcd76e23f sp=0x000000f18261e230 mode 0
Event: 0.378 Thread 0x0000025df1d14ed0 DEOPT PACKING pc=0x0000025dcddc8eed sp=0x000000f18261ed90
Event: 0.378 Thread 0x0000025df1d14ed0 DEOPT UNPACKING pc=0x0000025dcd76e23f sp=0x000000f18261e230 mode 0
Event: 0.378 Thread 0x0000025df1d14ed0 DEOPT PACKING pc=0x0000025dcddc8eed sp=0x000000f18261ed90
Event: 0.378 Thread 0x0000025df1d14ed0 DEOPT UNPACKING pc=0x0000025dcd76e23f sp=0x000000f18261e230 mode 0
Event: 0.388 Thread 0x0000025df1d14ed0 DEOPT PACKING pc=0x0000025dcddcfc40 sp=0x000000f18261ecd0
Event: 0.388 Thread 0x0000025df1d14ed0 DEOPT UNPACKING pc=0x0000025dcd76e23f sp=0x000000f18261e300 mode 0
Event: 0.388 Thread 0x0000025df1d14ed0 DEOPT PACKING pc=0x0000025dcddcfc40 sp=0x000000f18261ecd0
Event: 0.388 Thread 0x0000025df1d14ed0 DEOPT UNPACKING pc=0x0000025dcd76e23f sp=0x000000f18261e300 mode 0
Event: 0.389 Thread 0x0000025df1d14ed0 DEOPT PACKING pc=0x0000025dcddcfc40 sp=0x000000f18261ecd0
Event: 0.389 Thread 0x0000025df1d14ed0 DEOPT UNPACKING pc=0x0000025dcd76e23f sp=0x000000f18261e300 mode 0
Event: 0.389 Thread 0x0000025df1d14ed0 DEOPT PACKING pc=0x0000025dcddcfc40 sp=0x000000f18261ecd0
Event: 0.389 Thread 0x0000025df1d14ed0 DEOPT UNPACKING pc=0x0000025dcd76e23f sp=0x000000f18261e300 mode 0

Classes unloaded (0 events):
No events

Classes redefined (0 events):
No events

Internal exceptions (20 events):
Event: 0.162 Thread 0x0000025dc3d15d90 Exception <a 'java/lang/ClassNotFoundException'{0x0000000711b420f0}: TextPane> (0x0000000711b420f0) 
thrown [./open/src/hotspot/share/classfile/systemDictionary.cpp, line 295]
Event: 0.163 Thread 0x0000025dc3d15d90 Exception <a 'java/lang/ClassNotFoundException'{0x0000000711b42558}: EditorPane> (0x0000000711b42558) 
thrown [./open/src/hotspot/share/classfile/systemDictionary.cpp, line 295]
Event: 0.163 Thread 0x0000025dc3d15d90 Exception <a 'java/lang/ClassNotFoundException'{0x0000000711b42eb8}: ToolBar> (0x0000000711b42eb8) 
thrown [./open/src/hotspot/share/classfile/systemDictionary.cpp, line 295]
Event: 0.163 Thread 0x0000025dc3d15d90 Exception <a 'java/lang/ClassNotFoundException'{0x0000000711b433b0}: ToolBar> (0x0000000711b433b0) 
thrown [./open/src/hotspot/share/classfile/systemDictionary.cpp, line 295]
Event: 0.163 Thread 0x0000025dc3d15d90 Exception <a 'java/lang/ClassNotFoundException'{0x0000000711b43710}: Button> (0x0000000711b43710) 
thrown [./open/src/hotspot/share/classfile/systemDictionary.cpp, line 295]
Event: 0.163 Thread 0x0000025dc3d15d90 Exception <a 'java/lang/ClassNotFoundException'{0x0000000711b43bd8}: ToolBar> (0x0000000711b43bd8) 
thrown [./open/src/hotspot/share/classfile/systemDictionary.cpp, line 295]
Event: 0.163 Thread 0x0000025dc3d15d90 Exception <a 'java/lang/ClassNotFoundException'{0x0000000711b43f48}: ToggleButton> (0x0000000711b43f48) 
thrown [./open/src/hotspot/share/classfile/systemDictionary.cpp, line 295]
Event: 0.163 Thread 0x0000025dc3d15d90 Exception <a 'java/lang/ClassNotFoundException'{0x0000000711b44388}: javax/swing/JToolBarSeparator> (0x0000000711b44388) 
thrown [./open/src/hotspot/share/classfile/systemDictionary.cpp, line 295]
Event: 0.163 Thread 0x0000025dc3d15d90 Exception <a 'java/lang/ClassNotFoundException'{0x0000000711b44690}: ToolBarSeparator> (0x0000000711b44690) 
thrown [./open/src/hotspot/share/classfile/systemDictionary.cpp, line 295]
Event: 0.163 Thread 0x0000025dc3d15d90 Exception <a 'java/lang/ClassNotFoundException'{0x0000000711b44ba8}: ToolTip> (0x0000000711b44ba8) 
thrown [./open/src/hotspot/share/classfile/systemDictionary.cpp, line 295]
Event: 0.164 Thread 0x0000025dc3d15d90 Exception <a 'java/lang/ClassNotFoundException'{0x0000000711b454f8}: Tree> (0x0000000711b454f8) 
thrown [./open/src/hotspot/share/classfile/systemDictionary.cpp, line 295]
Event: 0.164 Thread 0x0000025dc3d15d90 Exception <a 'java/lang/ClassNotFoundException'{0x0000000711b459f0}: Tree> (0x0000000711b459f0) 
thrown [./open/src/hotspot/share/classfile/systemDictionary.cpp, line 295]
Event: 0.164 Thread 0x0000025dc3d15d90 Exception <a 'java/lang/ClassNotFoundException'{0x0000000711b45d60}: javax/swing/JTreeCell> (0x0000000711b45d60) 
thrown [./open/src/hotspot/share/classfile/systemDictionary.cpp, line 295]
Event: 0.164 Thread 0x0000025dc3d15d90 Exception <a 'java/lang/ClassNotFoundException'{0x0000000711b46060}: TreeCell> (0x0000000711b46060) 
thrown [./open/src/hotspot/share/classfile/systemDictionary.cpp, line 295]
Event: 0.164 Thread 0x0000025dc3d15d90 Exception <a 'java/lang/ClassNotFoundException'{0x0000000711b46820}: RootPane> (0x0000000711b46820) 
thrown [./open/src/hotspot/share/classfile/systemDictionary.cpp, line 295]
Event: 0.165 Thread 0x0000025dc3d15d90 Exception <a 'java/lang/ClassNotFoundException'{0x0000000711b49670}: com/sun/swing/internal/plaf/metal/resources/spi/metalProvider> (0x0000000711b49670) 
thrown [./open/src/hotspot/share/classfile/systemDictionary.cpp, line 295]
Event: 0.165 Thread 0x0000025dc3d15d90 Exception <a 'java/lang/ClassNotFoundException'{0x0000000711b4d688}: com/sun/swing/internal/plaf/basic/resources/spi/basicProvider> (0x0000000711b4d688) 
thrown [./open/src/hotspot/share/classfile/systemDictionary.cpp, line 295]
Event: 0.280 Thread 0x0000025de9ed5420 Exception <a 'java/lang/ClassNotFoundException'{0x000000071181f658}: com/sun/swing/internal/plaf/synth/resources/spi/synthProvider> (0x000000071181f658) 
thrown [./open/src/hotspot/share/classfile/systemDictionary.cpp, line 295]
Event: 0.301 Thread 0x0000025de9ed5420 Exception <a 'java/lang/NoSuchMethodError'{0x00000007119b9f88}: 'void java.lang.invoke.DirectMethodHandle$Holder.invokeStaticInit(java.lang.Object)'> (0x00000007119b9f88) 
thrown [./open/src/hotspot/share/interpreter/linkResolver.cpp, line 782]
Event: 0.339 Thread 0x0000025df1d14ed0 Exception <a 'java/lang/NoSuchMethodError'{0x000000071160c678}: 'java.lang.Object java.lang.invoke.DirectMethodHandle$Holder.newInvokeSpecial(java.lang.Object, java.lang.Object, java.lang.Object, int, int, int, int, int)'> (0x000000071160c678) 
thrown [./open/src/hotspot/share/interpreter/linkResolver.cpp, line 782]

Events (20 events):
Event: 1.136 Executing VM operation: G1Concurrent done
Event: 1.165 Executing VM operation: G1TryInitiateConcMark
Event: 1.166 Executing VM operation: G1TryInitiateConcMark done
Event: 1.166 Executing VM operation: HandshakeAllThreads
Event: 1.166 Executing VM operation: HandshakeAllThreads done
Event: 1.168 Executing VM operation: G1Concurrent
Event: 1.168 Executing VM operation: G1Concurrent done
Event: 1.169 Executing VM operation: G1Concurrent
Event: 1.169 Executing VM operation: G1Concurrent done
Event: 1.181 Executing VM operation: G1TryInitiateConcMark
Event: 1.182 Executing VM operation: G1TryInitiateConcMark done
Event: 1.182 Executing VM operation: HandshakeAllThreads
Event: 1.182 Executing VM operation: HandshakeAllThreads done
Event: 1.184 Executing VM operation: G1Concurrent
Event: 1.184 Executing VM operation: G1Concurrent done
Event: 1.185 Executing VM operation: G1Concurrent
Event: 1.186 Executing VM operation: G1Concurrent done
Event: 2.185 Executing VM operation: HandshakeAllThreads
Event: 2.186 Executing VM operation: HandshakeAllThreads done
Event: 2.289 Loaded shared library C:\Program Files\Java\jdk-15.0.1\bin\java.dll


Dynamic libraries:
0x00007ff649fd0000 - 0x00007ff649fdf000 	C:\Program Files\Java\jdk-15.0.1\bin\java.exe
0x00007ffc48150000 - 0x00007ffc48345000 	C:\Windows\SYSTEM32\ntdll.dll
0x00007ffc461b0000 - 0x00007ffc4626d000 	C:\Windows\System32\KERNEL32.DLL
0x00007ffc45aa0000 - 0x00007ffc45d68000 	C:\Windows\System32\KERNELBASE.dll
0x00007ffc46000000 - 0x00007ffc46100000 	C:\Windows\System32\ucrtbase.dll
0x00007ffc413d0000 - 0x00007ffc413e9000 	C:\Program Files\Java\jdk-15.0.1\bin\VCRUNTIME140.dll
0x00007ffc405c0000 - 0x00007ffc405d8000 	C:\Program Files\Java\jdk-15.0.1\bin\jli.dll
0x00007ffc47390000 - 0x00007ffc4743c000 	C:\Windows\System32\ADVAPI32.dll
0x00007ffc46c30000 - 0x00007ffc46cce000 	C:\Windows\System32\msvcrt.dll
0x00007ffc46de0000 - 0x00007ffc46e7b000 	C:\Windows\System32\sechost.dll
0x00007ffc47890000 - 0x00007ffc479bb000 	C:\Windows\System32\RPCRT4.dll
0x00007ffc476f0000 - 0x00007ffc47890000 	C:\Windows\System32\USER32.dll
0x00007ffc46100000 - 0x00007ffc46122000 	C:\Windows\System32\win32u.dll
0x00007ffc462a0000 - 0x00007ffc462ca000 	C:\Windows\System32\GDI32.dll
0x00007ffc277e0000 - 0x00007ffc27a7a000 	C:\Windows\WinSxS\amd64_microsoft.windows.common-controls_6595b64144ccf1df_6.0.19041.844_none_ca00b6081b84eb1d\COMCTL32.dll
0x00007ffc458e0000 - 0x00007ffc459eb000 	C:\Windows\System32\gdi32full.dll
0x00007ffc45e00000 - 0x00007ffc45e9d000 	C:\Windows\System32\msvcp_win.dll
0x00007ffc3f650000 - 0x00007ffc3f65a000 	C:\Windows\SYSTEM32\VERSION.dll
0x00007ffc46f10000 - 0x00007ffc46f40000 	C:\Windows\System32\IMM32.DLL
0x00007ffc413a0000 - 0x00007ffc413ac000 	C:\Program Files\Java\jdk-15.0.1\bin\vcruntime140_1.dll
0x00007ffc1c9b0000 - 0x00007ffc1ca41000 	C:\Program Files\Java\jdk-15.0.1\bin\msvcp140.dll
0x00007ffbc3f90000 - 0x00007ffbc4aee000 	C:\Program Files\Java\jdk-15.0.1\bin\server\jvm.dll
0x00007ffc462d0000 - 0x00007ffc462d8000 	C:\Windows\System32\PSAPI.DLL
0x00007ffc41450000 - 0x00007ffc41459000 	C:\Windows\SYSTEM32\WSOCK32.dll
0x00007ffc3d140000 - 0x00007ffc3d167000 	C:\Windows\SYSTEM32\WINMM.dll
0x00007ffc462e0000 - 0x00007ffc4634b000 	C:\Windows\System32\WS2_32.dll
0x00007ffc437f0000 - 0x00007ffc43802000 	C:\Windows\SYSTEM32\kernel.appcore.dll
0x00007ffc41390000 - 0x00007ffc4139a000 	C:\Program Files\Java\jdk-15.0.1\bin\jimage.dll
0x00007ffc29d10000 - 0x00007ffc29ef4000 	C:\Windows\SYSTEM32\DBGHELP.DLL
0x00007ffc26470000 - 0x00007ffc2649c000 	C:\Windows\SYSTEM32\dbgcore.DLL
0x00007ffc46130000 - 0x00007ffc461b0000 	C:\Windows\System32\bcryptPrimitives.dll
0x00007ffc382c0000 - 0x00007ffc382e5000 	C:\Program Files\Java\jdk-15.0.1\bin\java.dll
0x00007ffc479c0000 - 0x00007ffc48102000 	C:\Windows\System32\SHELL32.dll
0x00007ffc439f0000 - 0x00007ffc44181000 	C:\Windows\SYSTEM32\windows.storage.dll
0x00007ffc46350000 - 0x00007ffc466a5000 	C:\Windows\System32\combase.dll
0x00007ffc45300000 - 0x00007ffc4532c000 	C:\Windows\SYSTEM32\Wldp.dll
0x00007ffc46d30000 - 0x00007ffc46dde000 	C:\Windows\System32\SHCORE.dll
0x00007ffc47560000 - 0x00007ffc475b5000 	C:\Windows\System32\shlwapi.dll
0x00007ffc457d0000 - 0x00007ffc457ef000 	C:\Windows\SYSTEM32\profapi.dll
0x00007ffc40420000 - 0x00007ffc40439000 	C:\Program Files\Java\jdk-15.0.1\bin\net.dll
0x00007ffc3c1e0000 - 0x00007ffc3c2eb000 	C:\Windows\SYSTEM32\WINHTTP.dll
0x00007ffc45070000 - 0x00007ffc450da000 	C:\Windows\system32\mswsock.dll
0x00007ffc3fcf0000 - 0x00007ffc3fd02000 	C:\Program Files\Java\jdk-15.0.1\bin\nio.dll
0x00007ffc38320000 - 0x00007ffc38338000 	C:\Program Files\Java\jdk-15.0.1\bin\zip.dll
0x00007ffc1ca50000 - 0x00007ffc1cbd0000 	C:\Program Files\Java\jdk-15.0.1\bin\awt.dll
0x00007ffc472c0000 - 0x00007ffc4738d000 	C:\Windows\System32\OLEAUT32.dll
0x00007ffc43160000 - 0x00007ffc431f0000 	C:\Windows\SYSTEM32\apphelp.dll
0x00007ffc43310000 - 0x00007ffc433ae000 	C:\Windows\system32\uxtheme.dll
0x00007ffc47440000 - 0x00007ffc47555000 	C:\Windows\System32\MSCTF.dll
0x00007ffc475c0000 - 0x00007ffc476ea000 	C:\Windows\System32\ole32.dll
0x00007ffc43610000 - 0x00007ffc4363f000 	C:\Windows\system32\DWMAPI.DLL
0x00007ffc16b40000 - 0x00007ffc16bc5000 	C:\Program Files\Java\jdk-15.0.1\bin\freetype.dll
0x00007ffc15890000 - 0x00007ffc15939000 	C:\Program Files\Java\jdk-15.0.1\bin\fontmanager.dll
0x00007ffc0c850000 - 0x00007ffc0c976000 	C:\Windows\system32\opengl32.dll
0x00007ffc0c820000 - 0x00007ffc0c84c000 	C:\Windows\SYSTEM32\GLU32.dll
0x00007ffc37d90000 - 0x00007ffc37f5e000 	C:\Windows\system32\d3d9.dll
0x00007ffc38710000 - 0x00007ffc38815000 	C:\Windows\System32\DriverStore\FileRepository\nv_dispi.inf_amd64_a494df49ba2f9f36\nvldumdx.dll
0x00007ffc45480000 - 0x00007ffc45492000 	C:\Windows\SYSTEM32\msasn1.dll
0x00007ffc3d910000 - 0x00007ffc3d941000 	C:\Windows\SYSTEM32\cryptnet.dll
0x00007ffc45ea0000 - 0x00007ffc45fff000 	C:\Windows\System32\CRYPT32.dll
0x00007ffc45260000 - 0x00007ffc4526c000 	C:\Windows\SYSTEM32\cryptbase.dll
0x00007ffc45d70000 - 0x00007ffc45dd0000 	C:\Windows\System32\WINTRUST.DLL
0x00007ffc46270000 - 0x00007ffc4628d000 	C:\Windows\System32\imagehlp.dll
0x00007ffc45240000 - 0x00007ffc45258000 	C:\Windows\SYSTEM32\CRYPTSP.dll
0x00007ffc449a0000 - 0x00007ffc449d4000 	C:\Windows\system32\rsaenh.dll
0x00007ffc45dd0000 - 0x00007ffc45df7000 	C:\Windows\System32\bcrypt.dll
0x00007ffbb64b0000 - 0x00007ffbb7c68000 	C:\Windows\System32\DriverStore\FileRepository\nv_dispi.inf_amd64_a494df49ba2f9f36\nvd3dumx.dll
0x00007ffc1cbd0000 - 0x00007ffc1cd35000 	C:\Windows\System32\DriverStore\FileRepository\iigd_dch.inf_amd64_0a2959ddde87a721\igdumdim64.dll
0x00007ffbac090000 - 0x00007ffbb0810000 	C:\Windows\System32\DriverStore\FileRepository\iigd_dch.inf_amd64_0a2959ddde87a721\igd9dxva64.dll
0x00007ffc467c0000 - 0x00007ffc46c29000 	C:\Windows\System32\SETUPAPI.dll
0x00007ffc45890000 - 0x00007ffc458de000 	C:\Windows\System32\cfgmgr32.dll
0x00007ffc2e550000 - 0x00007ffc2e7a8000 	C:\Windows\System32\DriverStore\FileRepository\iigd_dch.inf_amd64_0a2959ddde87a721\igdgmm64.dll
0x00007ffbee7f0000 - 0x00007ffbeeaae000 	C:\Windows\system32\nvspcap64.dll
0x00007ffc445d0000 - 0x00007ffc44603000 	C:\Windows\SYSTEM32\ntmarta.dll
0x00007ffc27350000 - 0x00007ffc2736b000 	C:\Users\Mattia\AppData\Local\Temp\1620824222062-jSerialComm.dll
0x00007ffc441a0000 - 0x00007ffc441c3000 	C:\Windows\SYSTEM32\gpapi.dll
0x00007ffc38ae0000 - 0x00007ffc38b1b000 	C:\Windows\SYSTEM32\dxcore.dll
0x00007ffc3ad60000 - 0x00007ffc3ae59000 	C:\Windows\SYSTEM32\textinputframework.dll
0x00007ffc42e50000 - 0x00007ffc42f42000 	C:\Windows\System32\CoreMessaging.dll
0x00007ffc42af0000 - 0x00007ffc42e4e000 	C:\Windows\System32\CoreUIComponents.dll
0x00007ffc42420000 - 0x00007ffc42574000 	C:\Windows\SYSTEM32\wintypes.dll
0x00007ffc26c10000 - 0x00007ffc26c3d000 	C:\Program Files\Java\jdk-15.0.1\bin\javajpeg.dll

dbghelp: loaded successfully - version: 4.0.5 - missing functions: none
symbol engine: initialized successfully - sym options: 0x614 - pdb path: .;C:\Program Files\Java\jdk-15.0.1\bin;C:\Windows\SYSTEM32;C:\Windows\WinSxS\amd64_microsoft.windows.common-controls_6595b64144ccf1df_6.0.19041.844_none_ca00b6081b84eb1d;C:\Program Files\Java\jdk-15.0.1\bin\server;C:\Windows\System32\DriverStore\FileRepository\nv_dispi.inf_amd64_a494df49ba2f9f36;C:\Windows\System32\DriverStore\FileRepository\iigd_dch.inf_amd64_0a2959ddde87a721;C:\Users\Mattia\AppData\Local\Temp

VM Arguments:
java_command: Startup
java_class_path (initial): D:\Java\Dispenser\target\classes;C:\Users\Mattia\.m2\repository\com\fazecast\jSerialComm\1.3.11\jSerialComm-1.3.11.jar;C:\Users\Mattia\.m2\repository\org\openjfx\javafx-fxml\14\javafx-fxml-14.jar;C:\Users\Mattia\.m2\repository\org\openjfx\javafx-fxml\14\javafx-fxml-14-win.jar;C:\Users\Mattia\.m2\repository\org\openjfx\javafx-controls\14\javafx-controls-14.jar;C:\Users\Mattia\.m2\repository\org\openjfx\javafx-controls\14\javafx-controls-14-win.jar;C:\Users\Mattia\.m2\repository\org\openjfx\javafx-swing\14\javafx-swing-14.jar;C:\Users\Mattia\.m2\repository\org\openjfx\javafx-swing\14\javafx-swing-14-win.jar;C:\Users\Mattia\.m2\repository\org\openjfx\javafx-graphics\14\javafx-graphics-14.jar;C:\Users\Mattia\.m2\repository\org\openjfx\javafx-graphics\14\javafx-graphics-14-win.jar;C:\Users\Mattia\.m2\repository\org\openjfx\javafx-base\14\javafx-base-14.jar;C:\Users\Mattia\.m2\repository\org\openjfx\javafx-base\14\javafx-base-14-win.jar;C:\Users\Mattia\.m2\repository\uk\co\caprica\vlcj\4.5.0\vlcj-4.5.0.jar;C:\Users\Mattia\.m2\repository\uk\co\caprica\vlcj-natives\4.5.0\vlcj-natives-4.5.0.jar;C:\Users\Mattia\.m2\repository\net\java\dev\jna\jna\5.5.0\jna-5.5.0.jar;C:\Users\Mattia\.m2\repository\net\java\dev\jna\jna-platform\5.5.0\jna-platform-5.5.0.jar;C:\Users\Mattia\.m2\repository\uk\co\caprica\vlcj-javafx\1.0.2\vlcj-javafx-1.0.2.jar;C:\Users\Mattia\.m2\repository\com\dynamsoft\dbr\8.1.2\dbr-8.1.2.jar;C:\Users\Mattia\.m2\repository\org\netbeans\external\AbsoluteLayout\RELEASE121\AbsoluteLayout-RELEASE121.jar;C:\Users\Mattia\.m2\repository\com\github\sarxos\webcam-capture\0.3.13-SNAPSHOT\webcam-capture-0.3.13-SNAPSHOT.jar;C:\Users\Mattia\.m2\repository\com\nativelibs4java\bridj\0.7.0\bridj-0.7.0.jar;C:\Users\Mattia\.m2\repository\org\slf4j\slf4j-api\1.7.2\slf4j-api-1.7.2.jar;C:\Users\Mattia\.m2\repository\group\id\artifact.id\1.0\artifact.id-1.0.jar
Launcher Type: SUN_STANDARD

[Global flags]
     intx CICompilerCount                          = 3                                         {product} {ergonomic}
     uint ConcGCThreads                            = 2                                         {product} {ergonomic}
     uint G1ConcRefinementThreads                  = 6                                         {product} {ergonomic}
   size_t G1HeapRegionSize                         = 2097152                                   {product} {ergonomic}
    uintx GCDrainStackTargetSize                   = 64                                        {product} {ergonomic}
   size_t InitialHeapSize                          = 266338304                                 {product} {ergonomic}
   size_t MarkStackSize                            = 4194304                                   {product} {ergonomic}
   size_t MaxHeapSize                              = 4259315712                                {product} {ergonomic}
   size_t MaxNewSize                               = 2554331136                                {product} {ergonomic}
   size_t MinHeapDeltaBytes                        = 2097152                                   {product} {ergonomic}
   size_t MinHeapSize                              = 8388608                                   {product} {ergonomic}
    uintx NonNMethodCodeHeapSize                   = 5832780                                {pd product} {ergonomic}
    uintx NonProfiledCodeHeapSize                  = 122912730                              {pd product} {ergonomic}
    uintx ProfiledCodeHeapSize                     = 122912730                              {pd product} {ergonomic}
    uintx ReservedCodeCacheSize                    = 251658240                              {pd product} {ergonomic}
     bool SegmentedCodeCache                       = true                                      {product} {ergonomic}
   size_t SoftMaxHeapSize                          = 4259315712                             {manageable} {ergonomic}
     bool UseCompressedClassPointers               = true                                 {lp64_product} {ergonomic}
     bool UseCompressedOops                        = true                                 {lp64_product} {ergonomic}
     bool UseG1GC                                  = true                                      {product} {ergonomic}
     bool UseLargePagesIndividualAllocation        = false                                  {pd product} {ergonomic}

Logging:
Log output configuration:
 #0: stdout all=warning uptime,level,tags
 #1: stderr all=off uptime,level,tags

Environment Variables:
JAVA_HOME=C:\Program Files\Java\jdk-15.0.1
PATH=C:\Program Files (x86)\Common Files\Oracle\Java\javapath;C:\ProgramData\Oracle\Java\javapath;C:\Program Files\AdoptOpenJDK\jdk-11.0.9.101-hotspot\bin;C:\Program Files\AdoptOpenJDK\jdk-15.0.1.9-hotspot\bin;C:\Program Files\Common Files\Oracle\Java\javapath;C:\Windows\system32;C:\Windows;C:\Windows\System32\Wbem;C:\Windows\System32\WindowsPowerShell\v1.0\;C:\Windows\System32\OpenSSH\;C:\Program Files\NVIDIA Corporation\NVIDIA NvDLISR;C:\Program Files (x86)\NVIDIA Corporation\PhysX\Common;C:\Program Files\Microsoft SQL Server\130\Tools\Binn\;C:\Program Files\Microsoft SQL Server\Client SDK\ODBC\170\Tools\Binn\;D:\Doxygen\doxygen\bin;C:\Program Files\dotnet\;C:\Users\Mattia\AppData\Local\Microsoft\WindowsApps;C:\Users\Mattia\AppData\Local\Programs\Microsoft VS Code\bin;C:\Program Files\CodeBlocks\MinGW\bin;C:\Users\Mattia\AppData\Local\GitHubDesktop\bin;C:\Users\Mattia\.dotnet\tools
USERNAME=Mattia
OS=Windows_NT
PROCESSOR_IDENTIFIER=Intel64 Family 6 Model 158 Stepping 13, GenuineIntel



---------------  S Y S T E M  ---------------

OS:
 Windows 10 , 64 bit Build 19041 (10.0.19041.928)
OS uptime: 0 days 6:58 hours

CPU: total 6 (initial active 6) (6 cores per cpu, 1 threads per core) family 6 model 158 stepping 13 microcode 0xde, cmov, cx8, fxsr, mmx, sse, sse2, sse3, ssse3, sse4.1, sse4.2, popcnt, vzeroupper, avx, avx2, aes, clmul, erms, 3dnowpref, lzcnt, tsc, tscinvbit, bmi1, bmi2, adx, fma, clflush, clflushopt

Memory: 4k page, system-wide physical 16246M (7968M free)
TotalPageFile size 22390M (AvailPageFile size 8511M)
current process WorkingSet (physical memory assigned to process): 550M, peak: 550M
current process commit charge ("private bytes"): 727M, peak: 727M

vm_info: Java HotSpot(TM) 64-Bit Server VM (15.0.1+9-18) for windows-amd64 JRE (15.0.1+9-18), built on Sep 15 2020 14:43:54 by "mach5one" with unknown MS VC++:1925

END.
